Starting Maven...
[INFO] Scanning for projects...
[INFO] 
[INFO] --------------------< com.lawfirm:lawfirm-backend >---------------------
[INFO] Building Law Firm Case Management System 1.0.0
[INFO]   from pom.xml
[INFO] --------------------------------[ jar ]---------------------------------
[INFO] 
[INFO] --- clean:3.2.0:clean (default-clean) @ lawfirm-backend ---
[INFO] Deleting D:\ZGAI\backend\target
[INFO] 
[INFO] >>> spring-boot:2.7.18:run (default-cli) > test-compile @ lawfirm-backend >>>
[INFO] 
[INFO] --- resources:3.2.0:resources (default-resources) @ lawfirm-backend ---
[INFO] Using 'UTF-8' encoding to copy filtered resources.
[INFO] Using 'UTF-8' encoding to copy filtered properties files.
[INFO] Copying 2 resources
[INFO] Copying 2 resources
[INFO] 
[INFO] --- compiler:3.10.1:compile (default-compile) @ lawfirm-backend ---
[INFO] Changes detected - recompiling the module!
[INFO] Compiling 208 source files to D:\ZGAI\backend\target\classes
[INFO] /D:/ZGAI/backend/src/main/java/com/lawfirm/service/LlmExtractService.java: D:\ZGAI\backend\src\main\java\com\lawfirm\service\LlmExtractService.javaЪЙгУСЫЮДО­МьВщЛђВЛАВШЋЕФВйзїЁЃ
[INFO] /D:/ZGAI/backend/src/main/java/com/lawfirm/service/LlmExtractService.java: гаЙиЯъЯИаХЯЂ, ЧыЪЙгУ -Xlint:unchecked жиаТБрвыЁЃ
[INFO] -------------------------------------------------------------
[ERROR] COMPILATION ERROR : 
[INFO] -------------------------------------------------------------
[ERROR] /D:/ZGAI/backend/src/main/java/com/lawfirm/security/SecurityConfig.java:[90,17] евВЛЕНЗћКХ
  ЗћКХ:   ЗНЗЈ and()
  ЮЛжУ: Рр org.springframework.security.config.annotation.web.builders.HttpSecurity
[INFO] 1 error
[INFO] -------------------------------------------------------------
[INFO] ------------------------------------------------------------------------
[INFO] BUILD FAILURE
[INFO] ------------------------------------------------------------------------
[INFO] Total time:  4.568 s
[INFO] Finished at: 2026-04-17T23:55:54+08:00
[INFO] ------------------------------------------------------------------------
[ERROR] Failed to execute goal org.apache.maven.plugins:maven-compiler-plugin:3.10.1:compile (default-compile) on project lawfirm-backend: Compilation failure
[ERROR] /D:/ZGAI/backend/src/main/java/com/lawfirm/security/SecurityConfig.java:[90,17] евВЛЕНЗћКХ
[ERROR]   ЗћКХ:   ЗНЗЈ and()
[ERROR]   ЮЛжУ: Рр org.springframework.security.config.annotation.web.builders.HttpSecurity
[ERROR] 
[ERROR] -> [Help 1]
[ERROR] 
[ERROR] To see the full stack trace of the errors, re-run Maven with the -e switch.
[ERROR] Re-run Maven using the -X switch to enable full debug logging.
[ERROR] 
[ERROR] For more information about the errors and possible solutions, please read the following articles:
[ERROR] [Help 1] http://cwiki.apache.org/confluence/display/MAVEN/MojoFailureException
