Starting Maven...
[INFO] Scanning for projects...
[INFO] 
[INFO] --------------------< com.lawfirm:lawfirm-backend >---------------------
[INFO] Building Law Firm Case Management System 1.0.0
[INFO]   from pom.xml
[INFO] --------------------------------[ jar ]---------------------------------
[INFO] 
[INFO] --- clean:3.2.0:clean (default-clean) @ lawfirm-backend ---
[INFO] Deleting D:\ZGAI\backend\target
[INFO] 
[INFO] >>> spring-boot:2.7.18:run (default-cli) > test-compile @ lawfirm-backend >>>
[INFO] 
[INFO] --- resources:3.2.0:resources (default-resources) @ lawfirm-backend ---
[INFO] Using 'UTF-8' encoding to copy filtered resources.
[INFO] Using 'UTF-8' encoding to copy filtered properties files.
[INFO] Copying 2 resources
[INFO] Copying 2 resources
[INFO] 
[INFO] --- compiler:3.10.1:compile (default-compile) @ lawfirm-backend ---
[INFO] Changes detected - recompiling the module!
[INFO] Compiling 206 source files to D:\ZGAI\backend\target\classes
[INFO] /D:/ZGAI/backend/src/main/java/com/lawfirm/service/LlmExtractService.java: D:\ZGAI\backend\src\main\java\com\lawfirm\service\LlmExtractService.java╩╣ė├┴╦╬┤ŠŁ╝ņ▓ķ╗“▓╗░▓╚½Ą─▓┘ū„ĪŻ
[INFO] /D:/ZGAI/backend/src/main/java/com/lawfirm/service/LlmExtractService.java: ėą╣žŽĻŽĖą┼Žó, Ūļ╩╣ė├ -Xlint:unchecked ųžą┬▒ÓęļĪŻ
[INFO] 
[INFO] --- resources:3.2.0:testResources (default-testResources) @ lawfirm-backend ---
[INFO] Using 'UTF-8' encoding to copy filtered resources.
[INFO] Using 'UTF-8' encoding to copy filtered properties files.
[INFO] skip non existing resourceDirectory D:\ZGAI\backend\src\test\resources
[INFO] 
[INFO] --- compiler:3.10.1:testCompile (default-testCompile) @ lawfirm-backend ---
[INFO] Changes detected - recompiling the module!
[INFO] 
[INFO] <<< spring-boot:2.7.18:run (default-cli) < test-compile @ lawfirm-backend <<<
[INFO] 
[INFO] 
[INFO] --- spring-boot:2.7.18:run (default-cli) @ lawfirm-backend ---
[INFO] Attaching agents: []
23:40:21.111 [Thread-0] DEBUG org.springframework.boot.devtools.restart.classloader.RestartClassLoader - Created RestartClassLoader org.springframework.boot.devtools.restart.classloader.RestartClassLoader@44996a28

  .   ____          _            __ _ _
 /\\ / ___'_ __ _ _(_)_ __  __ _ \ \ \ \
( ( )\___ | '_ | '_| | '_ \/ _` | \ \ \ \
 \\/  ___)| |_)| | | | | || (_| |  ) ) ) )
  '  |____| .__|_| |_|_| |_\__, | / / / /
 =========|_|==============|___/=/_/_/_/
 :: Spring Boot ::               (v2.7.18)

2026-04-17 23:40:21.290 [restartedMain] INFO  com.lawfirm.LawfirmApplication - Starting LawfirmApplication using Java 11.0.30 on DESKTOP-3ORPTC1 with PID 17312 (D:\ZGAI\backend\target\classes started by Administrator in D:\ZGAI\backend)
2026-04-17 23:40:21.290 [restartedMain] DEBUG com.lawfirm.LawfirmApplication - Running with Spring Boot v2.7.18, Spring v5.3.31
2026-04-17 23:40:21.291 [restartedMain] INFO  com.lawfirm.LawfirmApplication - The following 1 profile is active: "dev"
2026-04-17 23:40:21.307 [restartedMain] INFO  o.s.b.d.e.DevToolsPropertyDefaultsPostProcessor - Devtools property defaults active! Set 'spring.devtools.add-properties' to 'false' to disable
2026-04-17 23:40:21.307 [restartedMain] INFO  o.s.b.d.e.DevToolsPropertyDefaultsPostProcessor - For additional web related logging consider setting the 'logging.level.web' property to 'DEBUG'
2026-04-17 23:40:21.596 [restartedMain] INFO  o.s.d.r.c.RepositoryConfigurationDelegate - Multiple Spring Data modules found, entering strict repository configuration mode
2026-04-17 23:40:21.596 [restartedMain] INFO  o.s.d.r.c.RepositoryConfigurationDelegate - Bootstrapping Spring Data JPA repositories in DEFAULT mode.
2026-04-17 23:40:21.661 [restartedMain] INFO  o.s.d.r.c.RepositoryConfigurationDelegate - Finished Spring Data repository scanning in 62 ms. Found 35 JPA repository interfaces.
2026-04-17 23:40:22.124 [restartedMain] INFO  o.s.b.w.e.tomcat.TomcatWebServer - Tomcat initialized with port(s): 8080 (http)
2026-04-17 23:40:22.128 [restartedMain] INFO  o.a.catalina.core.StandardService - Starting service [Tomcat]
2026-04-17 23:40:22.128 [restartedMain] INFO  o.a.catalina.core.StandardEngine - Starting Servlet engine: [Apache Tomcat/9.0.83]
2026-04-17 23:40:22.175 [restartedMain] INFO  o.a.c.c.C.[.[localhost].[/api] - Initializing Spring embedded WebApplicationContext
2026-04-17 23:40:22.175 [restartedMain] INFO  o.s.b.w.s.c.ServletWebServerApplicationContext - Root WebApplicationContext: initialization completed in 867 ms
2026-04-17 23:40:22.190 [restartedMain] INFO  com.zaxxer.hikari.HikariDataSource - HikariPool-1 - Starting...
2026-04-17 23:40:22.227 [restartedMain] INFO  com.zaxxer.hikari.HikariDataSource - HikariPool-1 - Start completed.
2026-04-17 23:40:22.231 [restartedMain] INFO  o.s.b.a.h.H2ConsoleAutoConfiguration - H2 console available at '/h2-console'. Database available at 'jdbc:h2:mem:lawfirm'
2026-04-17 23:40:22.254 [restartedMain] DEBUG c.l.security.JwtAuthenticationFilter - Filter 'jwtAuthenticationFilter' configured for use
2026-04-17 23:40:22.271 [restartedMain] WARN  o.s.b.w.s.c.AnnotationConfigServletWebServerApplicationContext - Exception encountered during context initialization - cancelling refresh attempt: org.springframework.beans.factory.BeanCreationException: Error creating bean with name 'dataSourceScriptDatabaseInitializer' defined in class path resource [org/springframework/boot/autoconfigure/sql/init/DataSourceInitializationConfiguration.class]: Invocation of init method failed; nested exception is org.springframework.jdbc.datasource.init.ScriptStatementFailedException: Failed to execute SQL script statement #1 of URL [file:/D:/ZGAI/backend/target/classes/data.sql]: INSERT INTO "user" (username, password, real_name, email, phone, avatar, status, created_at, updated_at) VALUES ('admin', '$2a$10$N.zmdr9k7uOCQb376NoUnuTJ8iAt6Z5EHsM8lE9lBOsl7iKTVKIUi', 'ń│╗ń╗¤ń«ĪńÉåÕæ?', 'admin@lawfirm.com', '13800138000', NULL, 1, CURRENT_TIMESTAMP, CURRENT_TIMESTAMP), ('lawyer1', '$2a$10$N.zmdr9k7uOCQb376NoUnuTJ8iAt6Z5EHsM8lE9lBOsl7iKTVKIUi', 'Õ╝ĀõĖēÕŠŗÕĖł', 'zhangsan@lawfirm.com', '13800138001', NULL, 1, CURRENT_TIMESTAMP, CURRENT_TIMESTAMP), ('lawyer2', '$2a$10$N.zmdr9k7uOCQb376NoUnuTJ8iAt6Z5EHsM8lE9lBOsl7iKTVKIUi', 'µØÄÕøøÕŠŗÕĖł', 'lisi@lawfirm.com', '13800138002', NULL, 1, CURRENT_TIMESTAMP, CURRENT_TIMESTAMP), ('assistant1', '$2a$10$N.zmdr9k7uOCQb376NoUnuTJ8iAt6Z5EHsM8lE9lBOsl7iKTVKIUi', 'ńÄŗÕŖ®ńÉ?', 'wang@lawfirm.com', '13800138003', NULL, 1, CURRENT_TIMESTAMP, CURRENT_TIMESTAMP); nested exception is org.h2.jdbc.JdbcSQLSyntaxErrorException: Table "user" not found (this database is empty); SQL statement:
INSERT INTO "user" (username, password, real_name, email, phone, avatar, status, created_at, updated_at) VALUES ('admin', '$2a$10$N.zmdr9k7uOCQb376NoUnuTJ8iAt6Z5EHsM8lE9lBOsl7iKTVKIUi', 'ń│╗ń╗¤ń«ĪńÉåÕæ?', 'admin@lawfirm.com', '13800138000', NULL, 1, CURRENT_TIMESTAMP, CURRENT_TIMESTAMP), ('lawyer1', '$2a$10$N.zmdr9k7uOCQb376NoUnuTJ8iAt6Z5EHsM8lE9lBOsl7iKTVKIUi', 'Õ╝ĀõĖēÕŠŗÕĖł', 'zhangsan@lawfirm.com', '13800138001', NULL, 1, CURRENT_TIMESTAMP, CURRENT_TIMESTAMP), ('lawyer2', '$2a$10$N.zmdr9k7uOCQb376NoUnuTJ8iAt6Z5EHsM8lE9lBOsl7iKTVKIUi', 'µØÄÕøøÕŠŗÕĖł', 'lisi@lawfirm.com', '13800138002', NULL, 1, CURRENT_TIMESTAMP, CURRENT_TIMESTAMP), ('assistant1', '$2a$10$N.zmdr9k7uOCQb376NoUnuTJ8iAt6Z5EHsM8lE9lBOsl7iKTVKIUi', 'ńÄŗÕŖ®ńÉ?', 'wang@lawfirm.com', '13800138003', NULL, 1, CURRENT_TIMESTAMP, CURRENT_TIMESTAMP) [42104-214]
2026-04-17 23:40:22.271 [restartedMain] INFO  com.zaxxer.hikari.HikariDataSource - HikariPool-1 - Shutdown initiated...
2026-04-17 23:40:22.273 [restartedMain] INFO  com.zaxxer.hikari.HikariDataSource - HikariPool-1 - Shutdown completed.
2026-04-17 23:40:22.274 [restartedMain] INFO  o.a.catalina.core.StandardService - Stopping service [Tomcat]
2026-04-17 23:40:22.279 [restartedMain] INFO  o.s.b.a.l.ConditionEvaluationReportLoggingListener - 

Error starting ApplicationContext. To display the conditions report re-run your application with 'debug' enabled.
2026-04-17 23:40:22.289 [restartedMain] ERROR o.s.boot.SpringApplication - Application run failed
org.springframework.beans.factory.BeanCreationException: Error creating bean with name 'dataSourceScriptDatabaseInitializer' defined in class path resource [org/springframework/boot/autoconfigure/sql/init/DataSourceInitializationConfiguration.class]: Invocation of init method failed; nested exception is org.springframework.jdbc.datasource.init.ScriptStatementFailedException: Failed to execute SQL script statement #1 of URL [file:/D:/ZGAI/backend/target/classes/data.sql]: INSERT INTO "user" (username, password, real_name, email, phone, avatar, status, created_at, updated_at) VALUES ('admin', '$2a$10$N.zmdr9k7uOCQb376NoUnuTJ8iAt6Z5EHsM8lE9lBOsl7iKTVKIUi', 'ń│╗ń╗¤ń«ĪńÉåÕæ?', 'admin@lawfirm.com', '13800138000', NULL, 1, CURRENT_TIMESTAMP, CURRENT_TIMESTAMP), ('lawyer1', '$2a$10$N.zmdr9k7uOCQb376NoUnuTJ8iAt6Z5EHsM8lE9lBOsl7iKTVKIUi', 'Õ╝ĀõĖēÕŠŗÕĖł', 'zhangsan@lawfirm.com', '13800138001', NULL, 1, CURRENT_TIMESTAMP, CURRENT_TIMESTAMP), ('lawyer2', '$2a$10$N.zmdr9k7uOCQb376NoUnuTJ8iAt6Z5EHsM8lE9lBOsl7iKTVKIUi', 'µØÄÕøøÕŠŗÕĖł', 'lisi@lawfirm.com', '13800138002', NULL, 1, CURRENT_TIMESTAMP, CURRENT_TIMESTAMP), ('assistant1', '$2a$10$N.zmdr9k7uOCQb376NoUnuTJ8iAt6Z5EHsM8lE9lBOsl7iKTVKIUi', 'ńÄŗÕŖ®ńÉ?', 'wang@lawfirm.com', '13800138003', NULL, 1, CURRENT_TIMESTAMP, CURRENT_TIMESTAMP); nested exception is org.h2.jdbc.JdbcSQLSyntaxErrorException: Table "user" not found (this database is empty); SQL statement:
INSERT INTO "user" (username, password, real_name, email, phone, avatar, status, created_at, updated_at) VALUES ('admin', '$2a$10$N.zmdr9k7uOCQb376NoUnuTJ8iAt6Z5EHsM8lE9lBOsl7iKTVKIUi', 'ń│╗ń╗¤ń«ĪńÉåÕæ?', 'admin@lawfirm.com', '13800138000', NULL, 1, CURRENT_TIMESTAMP, CURRENT_TIMESTAMP), ('lawyer1', '$2a$10$N.zmdr9k7uOCQb376NoUnuTJ8iAt6Z5EHsM8lE9lBOsl7iKTVKIUi', 'Õ╝ĀõĖēÕŠŗÕĖł', 'zhangsan@lawfirm.com', '13800138001', NULL, 1, CURRENT_TIMESTAMP, CURRENT_TIMESTAMP), ('lawyer2', '$2a$10$N.zmdr9k7uOCQb376NoUnuTJ8iAt6Z5EHsM8lE9lBOsl7iKTVKIUi', 'µØÄÕøøÕŠŗÕĖł', 'lisi@lawfirm.com', '13800138002', NULL, 1, CURRENT_TIMESTAMP, CURRENT_TIMESTAMP), ('assistant1', '$2a$10$N.zmdr9k7uOCQb376NoUnuTJ8iAt6Z5EHsM8lE9lBOsl7iKTVKIUi', 'ńÄŗÕŖ®ńÉ?', 'wang@lawfirm.com', '13800138003', NULL, 1, CURRENT_TIMESTAMP, CURRENT_TIMESTAMP) [42104-214]
	at org.springframework.beans.factory.support.AbstractAutowireCapableBeanFactory.initializeBean(AbstractAutowireCapableBeanFactory.java:1804)
	at org.springframework.beans.factory.support.AbstractAutowireCapableBeanFactory.doCreateBean(AbstractAutowireCapableBeanFactory.java:620)
	at org.springframework.beans.factory.support.AbstractAutowireCapableBeanFactory.createBean(AbstractAutowireCapableBeanFactory.java:542)
	at org.springframework.beans.factory.support.AbstractBeanFactory.lambda$doGetBean$0(AbstractBeanFactory.java:335)
	at org.springframework.beans.factory.support.DefaultSingletonBeanRegistry.getSingleton(DefaultSingletonBeanRegistry.java:234)
	at org.springframework.beans.factory.support.AbstractBeanFactory.doGetBean(AbstractBeanFactory.java:333)
	at org.springframework.beans.factory.support.AbstractBeanFactory.getBean(AbstractBeanFactory.java:208)
	at org.springframework.beans.factory.support.AbstractBeanFactory.doGetBean(AbstractBeanFactory.java:322)
	at org.springframework.beans.factory.support.AbstractBeanFactory.getBean(AbstractBeanFactory.java:208)
	at org.springframework.context.support.AbstractApplicationContext.getBean(AbstractApplicationContext.java:1168)
	at org.springframework.context.support.AbstractApplicationContext.finishBeanFactoryInitialization(AbstractApplicationContext.java:919)
	at org.springframework.context.support.AbstractApplicationContext.refresh(AbstractApplicationContext.java:591)
	at org.springframework.boot.web.servlet.context.ServletWebServerApplicationContext.refresh(ServletWebServerApplicationContext.java:147)
	at org.springframework.boot.SpringApplication.refresh(SpringApplication.java:732)
	at org.springframework.boot.SpringApplication.refreshContext(SpringApplication.java:409)
	at org.springframework.boot.SpringApplication.run(SpringApplication.java:308)
	at org.springframework.boot.SpringApplication.run(SpringApplication.java:1300)
	at org.springframework.boot.SpringApplication.run(SpringApplication.java:1289)
	at com.lawfirm.LawfirmApplication.main(LawfirmApplication.java:17)
	at java.base/jdk.internal.reflect.NativeMethodAccessorImpl.invoke0(Native Method)
	at java.base/jdk.internal.reflect.NativeMethodAccessorImpl.invoke(NativeMethodAccessorImpl.java:62)
	at java.base/jdk.internal.reflect.DelegatingMethodAccessorImpl.invoke(DelegatingMethodAccessorImpl.java:43)
	at java.base/java.lang.reflect.Method.invoke(Method.java:566)
	at org.springframework.boot.devtools.restart.RestartLauncher.run(RestartLauncher.java:50)
Caused by: org.springframework.jdbc.datasource.init.ScriptStatementFailedException: Failed to execute SQL script statement #1 of URL [file:/D:/ZGAI/backend/target/classes/data.sql]: INSERT INTO "user" (username, password, real_name, email, phone, avatar, status, created_at, updated_at) VALUES ('admin', '$2a$10$N.zmdr9k7uOCQb376NoUnuTJ8iAt6Z5EHsM8lE9lBOsl7iKTVKIUi', 'ń│╗ń╗¤ń«ĪńÉåÕæ?', 'admin@lawfirm.com', '13800138000', NULL, 1, CURRENT_TIMESTAMP, CURRENT_TIMESTAMP), ('lawyer1', '$2a$10$N.zmdr9k7uOCQb376NoUnuTJ8iAt6Z5EHsM8lE9lBOsl7iKTVKIUi', 'Õ╝ĀõĖēÕŠŗÕĖł', 'zhangsan@lawfirm.com', '13800138001', NULL, 1, CURRENT_TIMESTAMP, CURRENT_TIMESTAMP), ('lawyer2', '$2a$10$N.zmdr9k7uOCQb376NoUnuTJ8iAt6Z5EHsM8lE9lBOsl7iKTVKIUi', 'µØÄÕøøÕŠŗÕĖł', 'lisi@lawfirm.com', '13800138002', NULL, 1, CURRENT_TIMESTAMP, CURRENT_TIMESTAMP), ('assistant1', '$2a$10$N.zmdr9k7uOCQb376NoUnuTJ8iAt6Z5EHsM8lE9lBOsl7iKTVKIUi', 'ńÄŗÕŖ®ńÉ?', 'wang@lawfirm.com', '13800138003', NULL, 1, CURRENT_TIMESTAMP, CURRENT_TIMESTAMP); nested exception is org.h2.jdbc.JdbcSQLSyntaxErrorException: Table "user" not found (this database is empty); SQL statement:
INSERT INTO "user" (username, password, real_name, email, phone, avatar, status, created_at, updated_at) VALUES ('admin', '$2a$10$N.zmdr9k7uOCQb376NoUnuTJ8iAt6Z5EHsM8lE9lBOsl7iKTVKIUi', 'ń│╗ń╗¤ń«ĪńÉåÕæ?', 'admin@lawfirm.com', '13800138000', NULL, 1, CURRENT_TIMESTAMP, CURRENT_TIMESTAMP), ('lawyer1', '$2a$10$N.zmdr9k7uOCQb376NoUnuTJ8iAt6Z5EHsM8lE9lBOsl7iKTVKIUi', 'Õ╝ĀõĖēÕŠŗÕĖł', 'zhangsan@lawfirm.com', '13800138001', NULL, 1, CURRENT_TIMESTAMP, CURRENT_TIMESTAMP), ('lawyer2', '$2a$10$N.zmdr9k7uOCQb376NoUnuTJ8iAt6Z5EHsM8lE9lBOsl7iKTVKIUi', 'µØÄÕøøÕŠŗÕĖł', 'lisi@lawfirm.com', '13800138002', NULL, 1, CURRENT_TIMESTAMP, CURRENT_TIMESTAMP), ('assistant1', '$2a$10$N.zmdr9k7uOCQb376NoUnuTJ8iAt6Z5EHsM8lE9lBOsl7iKTVKIUi', 'ńÄŗÕŖ®ńÉ?', 'wang@lawfirm.com', '13800138003', NULL, 1, CURRENT_TIMESTAMP, CURRENT_TIMESTAMP) [42104-214]
	at org.springframework.jdbc.datasource.init.ScriptUtils.executeSqlScript(ScriptUtils.java:282)
	at org.springframework.jdbc.datasource.init.ResourceDatabasePopulator.populate(ResourceDatabasePopulator.java:254)
	at org.springframework.jdbc.datasource.init.DatabasePopulatorUtils.execute(DatabasePopulatorUtils.java:54)
	at org.springframework.boot.jdbc.init.DataSourceScriptDatabaseInitializer.runScripts(DataSourceScriptDatabaseInitializer.java:90)
	at org.springframework.boot.sql.init.AbstractScriptDatabaseInitializer.runScripts(AbstractScriptDatabaseInitializer.java:145)
	at org.springframework.boot.sql.init.AbstractScriptDatabaseInitializer.applyScripts(AbstractScriptDatabaseInitializer.java:107)
	at org.springframework.boot.sql.init.AbstractScriptDatabaseInitializer.applyDataScripts(AbstractScriptDatabaseInitializer.java:101)
	at org.springframework.boot.sql.init.AbstractScriptDatabaseInitializer.initializeDatabase(AbstractScriptDatabaseInitializer.java:76)
	at org.springframework.boot.sql.init.AbstractScriptDatabaseInitializer.afterPropertiesSet(AbstractScriptDatabaseInitializer.java:65)
	at org.springframework.beans.factory.support.AbstractAutowireCapableBeanFactory.invokeInitMethods(AbstractAutowireCapableBeanFactory.java:1863)
	at org.springframework.beans.factory.support.AbstractAutowireCapableBeanFactory.initializeBean(AbstractAutowireCapableBeanFactory.java:1800)
	... 23 common frames omitted
Caused by: org.h2.jdbc.JdbcSQLSyntaxErrorException: Table "user" not found (this database is empty); SQL statement:
INSERT INTO "user" (username, password, real_name, email, phone, avatar, status, created_at, updated_at) VALUES ('admin', '$2a$10$N.zmdr9k7uOCQb376NoUnuTJ8iAt6Z5EHsM8lE9lBOsl7iKTVKIUi', 'ń│╗ń╗¤ń«ĪńÉåÕæ?', 'admin@lawfirm.com', '13800138000', NULL, 1, CURRENT_TIMESTAMP, CURRENT_TIMESTAMP), ('lawyer1', '$2a$10$N.zmdr9k7uOCQb376NoUnuTJ8iAt6Z5EHsM8lE9lBOsl7iKTVKIUi', 'Õ╝ĀõĖēÕŠŗÕĖł', 'zhangsan@lawfirm.com', '13800138001', NULL, 1, CURRENT_TIMESTAMP, CURRENT_TIMESTAMP), ('lawyer2', '$2a$10$N.zmdr9k7uOCQb376NoUnuTJ8iAt6Z5EHsM8lE9lBOsl7iKTVKIUi', 'µØÄÕøøÕŠŗÕĖł', 'lisi@lawfirm.com', '13800138002', NULL, 1, CURRENT_TIMESTAMP, CURRENT_TIMESTAMP), ('assistant1', '$2a$10$N.zmdr9k7uOCQb376NoUnuTJ8iAt6Z5EHsM8lE9lBOsl7iKTVKIUi', 'ńÄŗÕŖ®ńÉ?', 'wang@lawfirm.com', '13800138003', NULL, 1, CURRENT_TIMESTAMP, CURRENT_TIMESTAMP) [42104-214]
	at org.h2.message.DbException.getJdbcSQLException(DbException.java:502)
	at org.h2.message.DbException.getJdbcSQLException(DbException.java:477)
	at org.h2.message.DbException.get(DbException.java:223)
	at org.h2.message.DbException.get(DbException.java:199)
	at org.h2.command.Parser.getTableOrViewNotFoundDbException(Parser.java:8385)
	at org.h2.command.Parser.getTableOrViewNotFoundDbException(Parser.java:8369)
	at org.h2.command.Parser.readTableOrView(Parser.java:8358)
	at org.h2.command.Parser.readTableOrView(Parser.java:8328)
	at org.h2.command.Parser.parseInsert(Parser.java:1632)
	at org.h2.command.Parser.parsePrepared(Parser.java:814)
	at org.h2.command.Parser.parse(Parser.java:689)
	at org.h2.command.Parser.parse(Parser.java:661)
	at org.h2.command.Parser.prepareCommand(Parser.java:569)
	at org.h2.engine.SessionLocal.prepareLocal(SessionLocal.java:631)
	at org.h2.engine.SessionLocal.prepareCommand(SessionLocal.java:554)
	at org.h2.jdbc.JdbcConnection.prepareCommand(JdbcConnection.java:1116)
	at org.h2.jdbc.JdbcStatement.executeInternal(JdbcStatement.java:237)
	at org.h2.jdbc.JdbcStatement.execute(JdbcStatement.java:223)
	at com.zaxxer.hikari.pool.ProxyStatement.execute(ProxyStatement.java:94)
	at com.zaxxer.hikari.pool.HikariProxyStatement.execute(HikariProxyStatement.java)
	at org.springframework.jdbc.datasource.init.ScriptUtils.executeSqlScript(ScriptUtils.java:261)
	... 33 common frames omitted
[INFO] ------------------------------------------------------------------------
[INFO] BUILD SUCCESS
[INFO] ------------------------------------------------------------------------
[INFO] Total time:  6.464 s
[INFO] Finished at: 2026-04-17T23:40:22+08:00
[INFO] ------------------------------------------------------------------------
