Starting Maven...
[INFO] Scanning for projects...
[INFO] 
[INFO] --------------------< com.lawfirm:lawfirm-backend >---------------------
[INFO] Building Law Firm Case Management System 1.0.0
[INFO]   from pom.xml
[INFO] --------------------------------[ jar ]---------------------------------
[INFO] 
[INFO] >>> spring-boot:2.7.18:run (default-cli) > test-compile @ lawfirm-backend >>>
[INFO] 
[INFO] --- resources:3.2.0:resources (default-resources) @ lawfirm-backend ---
[INFO] Using 'UTF-8' encoding to copy filtered resources.
[INFO] Using 'UTF-8' encoding to copy filtered properties files.
[INFO] Copying 2 resources
[INFO] Copying 2 resources
[INFO] 
[INFO] --- compiler:3.10.1:compile (default-compile) @ lawfirm-backend ---
[INFO] Nothing to compile - all classes are up to date
[INFO] 
[INFO] --- resources:3.2.0:testResources (default-testResources) @ lawfirm-backend ---
[INFO] Using 'UTF-8' encoding to copy filtered resources.
[INFO] Using 'UTF-8' encoding to copy filtered properties files.
[INFO] skip non existing resourceDirectory D:\ZGAI\backend\src\test\resources
[INFO] 
[INFO] --- compiler:3.10.1:testCompile (default-testCompile) @ lawfirm-backend ---
[INFO] Nothing to compile - all classes are up to date
[INFO] 
[INFO] <<< spring-boot:2.7.18:run (default-cli) < test-compile @ lawfirm-backend <<<
[INFO] 
[INFO] 
[INFO] --- spring-boot:2.7.18:run (default-cli) @ lawfirm-backend ---
[INFO] Attaching agents: []
00:10:25.207 [Thread-0] DEBUG org.springframework.boot.devtools.restart.classloader.RestartClassLoader - Created RestartClassLoader org.springframework.boot.devtools.restart.classloader.RestartClassLoader@63343771

  .   ____          _            __ _ _
 /\\ / ___'_ __ _ _(_)_ __  __ _ \ \ \ \
( ( )\___ | '_ | '_| | '_ \/ _` | \ \ \ \
 \\/  ___)| |_)| | | | | || (_| |  ) ) ) )
  '  |____| .__|_| |_|_| |_\__, | / / / /
 =========|_|==============|___/=/_/_/_/
 :: Spring Boot ::               (v2.7.18)

2026-04-18 00:10:25.382 [restartedMain] INFO  com.lawfirm.LawfirmApplication - Starting LawfirmApplication using Java 11.0.30 on DESKTOP-3ORPTC1 with PID 31764 (D:\ZGAI\backend\target\classes started by Administrator in D:\ZGAI\backend)
2026-04-18 00:10:25.383 [restartedMain] DEBUG com.lawfirm.LawfirmApplication - Running with Spring Boot v2.7.18, Spring v5.3.31
2026-04-18 00:10:25.383 [restartedMain] INFO  com.lawfirm.LawfirmApplication - The following 1 profile is active: "dev"
2026-04-18 00:10:25.399 [restartedMain] INFO  o.s.b.d.e.DevToolsPropertyDefaultsPostProcessor - Devtools property defaults active! Set 'spring.devtools.add-properties' to 'false' to disable
2026-04-18 00:10:25.400 [restartedMain] INFO  o.s.b.d.e.DevToolsPropertyDefaultsPostProcessor - For additional web related logging consider setting the 'logging.level.web' property to 'DEBUG'
2026-04-18 00:10:25.679 [restartedMain] INFO  o.s.d.r.c.RepositoryConfigurationDelegate - Multiple Spring Data modules found, entering strict repository configuration mode
2026-04-18 00:10:25.679 [restartedMain] INFO  o.s.d.r.c.RepositoryConfigurationDelegate - Bootstrapping Spring Data JPA repositories in DEFAULT mode.
2026-04-18 00:10:25.744 [restartedMain] INFO  o.s.d.r.c.RepositoryConfigurationDelegate - Finished Spring Data repository scanning in 63 ms. Found 35 JPA repository interfaces.
2026-04-18 00:10:26.204 [restartedMain] INFO  o.s.b.w.e.tomcat.TomcatWebServer - Tomcat initialized with port(s): 8080 (http)
2026-04-18 00:10:26.208 [restartedMain] INFO  o.a.catalina.core.StandardService - Starting service [Tomcat]
2026-04-18 00:10:26.209 [restartedMain] INFO  o.a.catalina.core.StandardEngine - Starting Servlet engine: [Apache Tomcat/9.0.83]
2026-04-18 00:10:26.256 [restartedMain] INFO  o.a.c.c.C.[.[localhost].[/api] - Initializing Spring embedded WebApplicationContext
2026-04-18 00:10:26.256 [restartedMain] INFO  o.s.b.w.s.c.ServletWebServerApplicationContext - Root WebApplicationContext: initialization completed in 856 ms
2026-04-18 00:10:26.270 [restartedMain] INFO  com.zaxxer.hikari.HikariDataSource - HikariPool-1 - Starting...
2026-04-18 00:10:26.307 [restartedMain] INFO  com.zaxxer.hikari.HikariDataSource - HikariPool-1 - Start completed.
2026-04-18 00:10:26.311 [restartedMain] INFO  o.s.b.a.h.H2ConsoleAutoConfiguration - H2 console available at '/h2-console'. Database available at 'jdbc:h2:mem:lawfirm'
2026-04-18 00:10:26.338 [restartedMain] DEBUG c.l.security.JwtAuthenticationFilter - Filter 'jwtAuthenticationFilter' configured for use
2026-04-18 00:10:26.364 [restartedMain] INFO  o.h.jpa.internal.util.LogHelper - HHH000204: Processing PersistenceUnitInfo [name: default]
2026-04-18 00:10:26.377 [restartedMain] INFO  org.hibernate.Version - HHH000412: Hibernate ORM core version 5.6.15.Final
2026-04-18 00:10:26.415 [restartedMain] INFO  o.h.annotations.common.Version - HCANN000001: Hibernate Commons Annotations {5.1.2.Final}
2026-04-18 00:10:26.446 [restartedMain] INFO  org.hibernate.dialect.Dialect - HHH000400: Using dialect: org.hibernate.dialect.H2Dialect
2026-04-18 00:10:26.771 [restartedMain] DEBUG org.hibernate.SQL - 
    
    drop table if exists "ai_config" CASCADE 
Hibernate: 
    
    drop table if exists "ai_config" CASCADE 
2026-04-18 00:10:26.772 [restartedMain] DEBUG org.hibernate.SQL - 
    
    drop table if exists "ai_log" CASCADE 
Hibernate: 
    
    drop table if exists "ai_log" CASCADE 
2026-04-18 00:10:26.772 [restartedMain] DEBUG org.hibernate.SQL - 
    
    drop table if exists "announcement" CASCADE 
Hibernate: 
    
    drop table if exists "announcement" CASCADE 
2026-04-18 00:10:26.772 [restartedMain] DEBUG org.hibernate.SQL - 
    
    drop table if exists "announcement_read" CASCADE 
Hibernate: 
    
    drop table if exists "announcement_read" CASCADE 
2026-04-18 00:10:26.772 [restartedMain] DEBUG org.hibernate.SQL - 
    
    drop table if exists "approval" CASCADE 
Hibernate: 
    
    drop table if exists "approval" CASCADE 
2026-04-18 00:10:26.773 [restartedMain] DEBUG org.hibernate.SQL - 
    
    drop table if exists "approval_flow" CASCADE 
Hibernate: 
    
    drop table if exists "approval_flow" CASCADE 
2026-04-18 00:10:26.773 [restartedMain] DEBUG org.hibernate.SQL - 
    
    drop table if exists "audit_log" CASCADE 
Hibernate: 
    
    drop table if exists "audit_log" CASCADE 
2026-04-18 00:10:26.773 [restartedMain] DEBUG org.hibernate.SQL - 
    
    drop table if exists "calendar" CASCADE 
Hibernate: 
    
    drop table if exists "calendar" CASCADE 
2026-04-18 00:10:26.773 [restartedMain] DEBUG org.hibernate.SQL - 
    
    drop table if exists "case" CASCADE 
Hibernate: 
    
    drop table if exists "case" CASCADE 
2026-04-18 00:10:26.773 [restartedMain] DEBUG org.hibernate.SQL - 
    
    drop table if exists "case_document" CASCADE 
Hibernate: 
    
    drop table if exists "case_document" CASCADE 
2026-04-18 00:10:26.773 [restartedMain] DEBUG org.hibernate.SQL - 
    
    drop table if exists "case_flow_template" CASCADE 
Hibernate: 
    
    drop table if exists "case_flow_template" CASCADE 
2026-04-18 00:10:26.773 [restartedMain] DEBUG org.hibernate.SQL - 
    
    drop table if exists "case_member" CASCADE 
Hibernate: 
    
    drop table if exists "case_member" CASCADE 
2026-04-18 00:10:26.773 [restartedMain] DEBUG org.hibernate.SQL - 
    
    drop table if exists "case_procedure" CASCADE 
Hibernate: 
    
    drop table if exists "case_procedure" CASCADE 
2026-04-18 00:10:26.773 [restartedMain] DEBUG org.hibernate.SQL - 
    
    drop table if exists "case_record" CASCADE 
Hibernate: 
    
    drop table if exists "case_record" CASCADE 
2026-04-18 00:10:26.773 [restartedMain] DEBUG org.hibernate.SQL - 
    
    drop table if exists "case_stage" CASCADE 
Hibernate: 
    
    drop table if exists "case_stage" CASCADE 
2026-04-18 00:10:26.773 [restartedMain] DEBUG org.hibernate.SQL - 
    
    drop table if exists "case_stage_todo_template" CASCADE 
Hibernate: 
    
    drop table if exists "case_stage_todo_template" CASCADE 
2026-04-18 00:10:26.773 [restartedMain] DEBUG org.hibernate.SQL - 
    
    drop table if exists "case_timeline" CASCADE 
Hibernate: 
    
    drop table if exists "case_timeline" CASCADE 
2026-04-18 00:10:26.773 [restartedMain] DEBUG org.hibernate.SQL - 
    
    drop table if exists "client" CASCADE 
Hibernate: 
    
    drop table if exists "client" CASCADE 
2026-04-18 00:10:26.774 [restartedMain] DEBUG org.hibernate.SQL - 
    
    drop table if exists "communication_record" CASCADE 
Hibernate: 
    
    drop table if exists "communication_record" CASCADE 
2026-04-18 00:10:26.774 [restartedMain] DEBUG org.hibernate.SQL - 
    
    drop table if exists "department" CASCADE 
Hibernate: 
    
    drop table if exists "department" CASCADE 
2026-04-18 00:10:26.774 [restartedMain] DEBUG org.hibernate.SQL - 
    
    drop table if exists "dictionary" CASCADE 
Hibernate: 
    
    drop table if exists "dictionary" CASCADE 
2026-04-18 00:10:26.774 [restartedMain] DEBUG org.hibernate.SQL - 
    
    drop table if exists "finance_record" CASCADE 
Hibernate: 
    
    drop table if exists "finance_record" CASCADE 
2026-04-18 00:10:26.774 [restartedMain] DEBUG org.hibernate.SQL - 
    
    drop table if exists "invoice" CASCADE 
Hibernate: 
    
    drop table if exists "invoice" CASCADE 
2026-04-18 00:10:26.774 [restartedMain] DEBUG org.hibernate.SQL - 
    
    drop table if exists "meeting_booking" CASCADE 
Hibernate: 
    
    drop table if exists "meeting_booking" CASCADE 
2026-04-18 00:10:26.774 [restartedMain] DEBUG org.hibernate.SQL - 
    
    drop table if exists "meeting_room" CASCADE 
Hibernate: 
    
    drop table if exists "meeting_room" CASCADE 
2026-04-18 00:10:26.774 [restartedMain] DEBUG org.hibernate.SQL - 
    
    drop table if exists "notification" CASCADE 
Hibernate: 
    
    drop table if exists "notification" CASCADE 
2026-04-18 00:10:26.774 [restartedMain] DEBUG org.hibernate.SQL - 
    
    drop table if exists "party" CASCADE 
Hibernate: 
    
    drop table if exists "party" CASCADE 
2026-04-18 00:10:26.774 [restartedMain] DEBUG org.hibernate.SQL - 
    
    drop table if exists "payment" CASCADE 
Hibernate: 
    
    drop table if exists "payment" CASCADE 
2026-04-18 00:10:26.774 [restartedMain] DEBUG org.hibernate.SQL - 
    
    drop table if exists "permission" CASCADE 
Hibernate: 
    
    drop table if exists "permission" CASCADE 
2026-04-18 00:10:26.774 [restartedMain] DEBUG org.hibernate.SQL - 
    
    drop table if exists "role" CASCADE 
Hibernate: 
    
    drop table if exists "role" CASCADE 
2026-04-18 00:10:26.775 [restartedMain] DEBUG org.hibernate.SQL - 
    
    drop table if exists "role_permission" CASCADE 
Hibernate: 
    
    drop table if exists "role_permission" CASCADE 
2026-04-18 00:10:26.775 [restartedMain] DEBUG org.hibernate.SQL - 
    
    drop table if exists "system_config" CASCADE 
Hibernate: 
    
    drop table if exists "system_config" CASCADE 
2026-04-18 00:10:26.775 [restartedMain] DEBUG org.hibernate.SQL - 
    
    drop table if exists "todo" CASCADE 
Hibernate: 
    
    drop table if exists "todo" CASCADE 
2026-04-18 00:10:26.775 [restartedMain] DEBUG org.hibernate.SQL - 
    
    drop table if exists "user" CASCADE 
Hibernate: 
    
    drop table if exists "user" CASCADE 
2026-04-18 00:10:26.775 [restartedMain] DEBUG org.hibernate.SQL - 
    
    drop table if exists "user_role" CASCADE 
Hibernate: 
    
    drop table if exists "user_role" CASCADE 
2026-04-18 00:10:26.776 [restartedMain] DEBUG org.hibernate.SQL - 
    
    create table "ai_config" (
       "id" bigint generated by default as identity,
        "created_at" timestamp not null,
        "updated_at" timestamp not null,
        "deleted" boolean not null,
        "api_key" varchar(500),
        "api_url" varchar(500),
        "category" varchar(20),
        "config_name" varchar(255) not null,
        "description" varchar(255),
        "is_default" boolean,
        "is_enabled" boolean,
        "max_tokens" integer,
        "model_name" varchar(100),
        "provider_type" varchar(50) not null,
        "system_prompt" varchar(255),
        "temperature" double,
        "timeout_seconds" integer,
        primary key ("id")
    )
Hibernate: 
    
    create table "ai_config" (
       "id" bigint generated by default as identity,
        "created_at" timestamp not null,
        "updated_at" timestamp not null,
        "deleted" boolean not null,
        "api_key" varchar(500),
        "api_url" varchar(500),
        "category" varchar(20),
        "config_name" varchar(255) not null,
        "description" varchar(255),
        "is_default" boolean,
        "is_enabled" boolean,
        "max_tokens" integer,
        "model_name" varchar(100),
        "provider_type" varchar(50) not null,
        "system_prompt" varchar(255),
        "temperature" double,
        "timeout_seconds" integer,
        primary key ("id")
    )
2026-04-18 00:10:26.780 [restartedMain] DEBUG org.hibernate.SQL - 
    
    create table "ai_log" (
       "id" bigint generated by default as identity,
        "case_id" bigint,
        "created_at" timestamp not null,
        "duration" integer,
        "error_message" varchar(255),
        "function_type" varchar(50) not null,
        "input_content" varchar(255),
        "input_tokens" integer,
        "model_name" varchar(50),
        "output_content" varchar(255),
        "output_tokens" integer,
        "status" varchar(20),
        "user_id" bigint not null,
        primary key ("id")
    )
Hibernate: 
    
    create table "ai_log" (
       "id" bigint generated by default as identity,
        "case_id" bigint,
        "created_at" timestamp not null,
        "duration" integer,
        "error_message" varchar(255),
        "function_type" varchar(50) not null,
        "input_content" varchar(255),
        "input_tokens" integer,
        "model_name" varchar(50),
        "output_content" varchar(255),
        "output_tokens" integer,
        "status" varchar(20),
        "user_id" bigint not null,
        primary key ("id")
    )
2026-04-18 00:10:26.780 [restartedMain] DEBUG org.hibernate.SQL - 
    
    create table "announcement" (
       "id" bigint generated by default as identity,
        "created_at" timestamp not null,
        "updated_at" timestamp not null,
        "deleted" boolean not null,
        "attachments" varchar(255),
        "content" varchar(255) not null,
        "priority" integer,
        "publish_date" timestamp not null,
        "publisher_id" bigint not null,
        "target_scope" varchar(20),
        "title" varchar(200) not null,
        primary key ("id")
    )
Hibernate: 
    
    create table "announcement" (
       "id" bigint generated by default as identity,
        "created_at" timestamp not null,
        "updated_at" timestamp not null,
        "deleted" boolean not null,
        "attachments" varchar(255),
        "content" varchar(255) not null,
        "priority" integer,
        "publish_date" timestamp not null,
        "publisher_id" bigint not null,
        "target_scope" varchar(20),
        "title" varchar(200) not null,
        primary key ("id")
    )
2026-04-18 00:10:26.781 [restartedMain] DEBUG org.hibernate.SQL - 
    
    create table "announcement_read" (
       "id" bigint generated by default as identity,
        "announcement_id" bigint not null,
        "read_time" timestamp not null,
        "user_id" bigint not null,
        primary key ("id")
    )
Hibernate: 
    
    create table "announcement_read" (
       "id" bigint generated by default as identity,
        "announcement_id" bigint not null,
        "read_time" timestamp not null,
        "user_id" bigint not null,
        primary key ("id")
    )
2026-04-18 00:10:26.781 [restartedMain] DEBUG org.hibernate.SQL - 
    
    create table "approval" (
       "id" bigint generated by default as identity,
        "created_at" timestamp not null,
        "updated_at" timestamp not null,
        "deleted" boolean not null,
        "applicant_id" bigint not null,
        "apply_time" timestamp not null,
        "approval_notes" varchar(255),
        "approval_type" varchar(50) not null,
        "approved_time" timestamp,
        "attachments" varchar(255),
        "case_id" bigint,
        "content" varchar(255) not null,
        "current_approver_id" bigint,
        "status" varchar(20),
        "title" varchar(200) not null,
        primary key ("id")
    )
Hibernate: 
    
    create table "approval" (
       "id" bigint generated by default as identity,
        "created_at" timestamp not null,
        "updated_at" timestamp not null,
        "deleted" boolean not null,
        "applicant_id" bigint not null,
        "apply_time" timestamp not null,
        "approval_notes" varchar(255),
        "approval_type" varchar(50) not null,
        "approved_time" timestamp,
        "attachments" varchar(255),
        "case_id" bigint,
        "content" varchar(255) not null,
        "current_approver_id" bigint,
        "status" varchar(20),
        "title" varchar(200) not null,
        primary key ("id")
    )
2026-04-18 00:10:26.782 [restartedMain] DEBUG org.hibernate.SQL - 
    
    create table "approval_flow" (
       "id" bigint generated by default as identity,
        "action" varchar(20) not null,
        "action_time" timestamp not null,
        "approval_id" bigint not null,
        "approver_id" bigint not null,
        "comments" varchar(255),
        "created_at" timestamp not null,
        primary key ("id")
    )
Hibernate: 
    
    create table "approval_flow" (
       "id" bigint generated by default as identity,
        "action" varchar(20) not null,
        "action_time" timestamp not null,
        "approval_id" bigint not null,
        "approver_id" bigint not null,
        "comments" varchar(255),
        "created_at" timestamp not null,
        primary key ("id")
    )
2026-04-18 00:10:26.782 [restartedMain] DEBUG org.hibernate.SQL - 
    
    create table "audit_log" (
       "id" bigint generated by default as identity,
        "created_at" timestamp not null,
        "error_msg" varchar(255),
        "execution_time" integer,
        "ip" varchar(50),
        "method" varchar(100),
        "module" varchar(50) not null,
        "operation" varchar(50) not null,
        "params" varchar(255),
        "status" integer,
        "user_id" bigint not null,
        primary key ("id")
    )
Hibernate: 
    
    create table "audit_log" (
       "id" bigint generated by default as identity,
        "created_at" timestamp not null,
        "error_msg" varchar(255),
        "execution_time" integer,
        "ip" varchar(50),
        "method" varchar(100),
        "module" varchar(50) not null,
        "operation" varchar(50) not null,
        "params" varchar(255),
        "status" integer,
        "user_id" bigint not null,
        primary key ("id")
    )
2026-04-18 00:10:26.782 [restartedMain] DEBUG org.hibernate.SQL - 
    
    create table "calendar" (
       "id" bigint generated by default as identity,
        "created_at" timestamp not null,
        "updated_at" timestamp not null,
        "deleted" boolean not null,
        "calendar_type" varchar(20) not null,
        "case_id" bigint,
        "created_by" bigint not null,
        "end_time" timestamp not null,
        "location" varchar(255),
        "participants" varchar(255),
        "reminder" boolean,
        "reminder_minutes" integer,
        "repeat_rule" varchar(50),
        "start_time" timestamp not null,
        "title" varchar(200) not null,
        primary key ("id")
    )
Hibernate: 
    
    create table "calendar" (
       "id" bigint generated by default as identity,
        "created_at" timestamp not null,
        "updated_at" timestamp not null,
        "deleted" boolean not null,
        "calendar_type" varchar(20) not null,
        "case_id" bigint,
        "created_by" bigint not null,
        "end_time" timestamp not null,
        "location" varchar(255),
        "participants" varchar(255),
        "reminder" boolean,
        "reminder_minutes" integer,
        "repeat_rule" varchar(50),
        "start_time" timestamp not null,
        "title" varchar(200) not null,
        primary key ("id")
    )
2026-04-18 00:10:26.783 [restartedMain] DEBUG org.hibernate.SQL - 
    
    create table "case" (
       "id" bigint generated by default as identity,
        "created_at" timestamp not null,
        "updated_at" timestamp not null,
        "deleted" boolean not null,
        "actual_received" numeric(15,2),
        "amount" numeric(15,2),
        "archive_date" date,
        "archive_location" varchar(255),
        "attorney_fee" numeric(15,2),
        "case_name" varchar(255) not null,
        "case_number" varchar(50),
        "case_reason" varchar(100),
        "case_type" varchar(20) not null,
        "close_date" date,
        "close_status" varchar(20),
        "commission_date" date,
        "court" varchar(100),
        "current_stage" varchar(50),
        "deadline_date" date,
        "fee_method" varchar(20),
        "filing_date" date,
        "level" varchar(20),
        "owner_id" bigint not null,
        "procedure" varchar(20),
        "status" varchar(20),
        "summary" varchar(255),
        "tags" varchar(500),
        "won_amount" numeric(15,2),
        primary key ("id")
    )
Hibernate: 
    
    create table "case" (
       "id" bigint generated by default as identity,
        "created_at" timestamp not null,
        "updated_at" timestamp not null,
        "deleted" boolean not null,
        "actual_received" numeric(15,2),
        "amount" numeric(15,2),
        "archive_date" date,
        "archive_location" varchar(255),
        "attorney_fee" numeric(15,2),
        "case_name" varchar(255) not null,
        "case_number" varchar(50),
        "case_reason" varchar(100),
        "case_type" varchar(20) not null,
        "close_date" date,
        "close_status" varchar(20),
        "commission_date" date,
        "court" varchar(100),
        "current_stage" varchar(50),
        "deadline_date" date,
        "fee_method" varchar(20),
        "filing_date" date,
        "level" varchar(20),
        "owner_id" bigint not null,
        "procedure" varchar(20),
        "status" varchar(20),
        "summary" varchar(255),
        "tags" varchar(500),
        "won_amount" numeric(15,2),
        primary key ("id")
    )
2026-04-18 00:10:26.784 [restartedMain] DEBUG org.hibernate.SQL - 
    
    create table "case_document" (
       "id" bigint generated by default as identity,
        "created_at" timestamp not null,
        "updated_at" timestamp not null,
        "deleted" boolean not null,
        "case_id" bigint not null,
        "document_name" varchar(255) not null,
        "document_type" varchar(20) not null,
        "file_path" varchar(255) not null,
        "file_size" bigint,
        "folder_path" varchar(255),
        "ocr_result" varchar(255),
        "tags" varchar(255),
        "upload_by" bigint not null,
        primary key ("id")
    )
Hibernate: 
    
    create table "case_document" (
       "id" bigint generated by default as identity,
        "created_at" timestamp not null,
        "updated_at" timestamp not null,
        "deleted" boolean not null,
        "case_id" bigint not null,
        "document_name" varchar(255) not null,
        "document_type" varchar(20) not null,
        "file_path" varchar(255) not null,
        "file_size" bigint,
        "folder_path" varchar(255),
        "ocr_result" varchar(255),
        "tags" varchar(255),
        "upload_by" bigint not null,
        primary key ("id")
    )
2026-04-18 00:10:26.784 [restartedMain] DEBUG org.hibernate.SQL - 
    
    create table "case_flow_template" (
       "id" bigint generated by default as identity,
        "created_at" timestamp not null,
        "updated_at" timestamp not null,
        "deleted" boolean not null,
        "case_type" varchar(20) not null,
        "description" varchar(255),
        "enabled" boolean not null,
        "is_system" boolean not null,
        "sort_order" integer not null,
        "template_name" varchar(100) not null,
        primary key ("id")
    )
Hibernate: 
    
    create table "case_flow_template" (
       "id" bigint generated by default as identity,
        "created_at" timestamp not null,
        "updated_at" timestamp not null,
        "deleted" boolean not null,
        "case_type" varchar(20) not null,
        "description" varchar(255),
        "enabled" boolean not null,
        "is_system" boolean not null,
        "sort_order" integer not null,
        "template_name" varchar(100) not null,
        primary key ("id")
    )
2026-04-18 00:10:26.785 [restartedMain] DEBUG org.hibernate.SQL - 
    
    create table "case_member" (
       "id" bigint generated by default as identity,
        "case_id" bigint not null,
        "created_at" timestamp not null,
        "deleted" boolean not null,
        "member_type" varchar(20) not null,
        "updated_at" timestamp not null,
        "user_id" bigint not null,
        primary key ("id")
    )
Hibernate: 
    
    create table "case_member" (
       "id" bigint generated by default as identity,
        "case_id" bigint not null,
        "created_at" timestamp not null,
        "deleted" boolean not null,
        "member_type" varchar(20) not null,
        "updated_at" timestamp not null,
        "user_id" bigint not null,
        primary key ("id")
    )
2026-04-18 00:10:26.785 [restartedMain] DEBUG org.hibernate.SQL - 
    
    create table "case_procedure" (
       "id" bigint generated by default as identity,
        "created_at" timestamp not null,
        "updated_at" timestamp not null,
        "deleted" boolean not null,
        "attachments" varchar(255),
        "case_id" bigint not null,
        "court" varchar(100),
        "filing_date" date,
        "hearing_date" date,
        "judge" varchar(50),
        "judgment_date" date,
        "notes" varchar(255),
        "procedure_name" varchar(50) not null,
        "procedure_number" varchar(50),
        "procedure_type" varchar(20),
        "region" varchar(50),
        "result" varchar(50),
        primary key ("id")
    )
Hibernate: 
    
    create table "case_procedure" (
       "id" bigint generated by default as identity,
        "created_at" timestamp not null,
        "updated_at" timestamp not null,
        "deleted" boolean not null,
        "attachments" varchar(255),
        "case_id" bigint not null,
        "court" varchar(100),
        "filing_date" date,
        "hearing_date" date,
        "judge" varchar(50),
        "judgment_date" date,
        "notes" varchar(255),
        "procedure_name" varchar(50) not null,
        "procedure_number" varchar(50),
        "procedure_type" varchar(20),
        "region" varchar(50),
        "result" varchar(50),
        primary key ("id")
    )
2026-04-18 00:10:26.786 [restartedMain] DEBUG org.hibernate.SQL - 
    
    create table "case_record" (
       "id" bigint generated by default as identity,
        "created_at" timestamp not null,
        "updated_at" timestamp not null,
        "deleted" boolean not null,
        "attachments" varchar(255),
        "case_id" bigint not null,
        "content" varchar(255) not null,
        "created_by" bigint not null,
        "record_date" date not null,
        "stage" varchar(50),
        "title" varchar(200) not null,
        "work_hours" numeric(4,1),
        primary key ("id")
    )
Hibernate: 
    
    create table "case_record" (
       "id" bigint generated by default as identity,
        "created_at" timestamp not null,
        "updated_at" timestamp not null,
        "deleted" boolean not null,
        "attachments" varchar(255),
        "case_id" bigint not null,
        "content" varchar(255) not null,
        "created_by" bigint not null,
        "record_date" date not null,
        "stage" varchar(50),
        "title" varchar(200) not null,
        "work_hours" numeric(4,1),
        primary key ("id")
    )
2026-04-18 00:10:26.786 [restartedMain] DEBUG org.hibernate.SQL - 
    
    create table "case_stage" (
       "id" bigint generated by default as identity,
        "created_at" timestamp not null,
        "updated_at" timestamp not null,
        "deleted" boolean not null,
        "case_id" bigint not null,
        "end_date" date,
        "stage_name" varchar(50) not null,
        "stage_order" integer not null,
        "start_date" date,
        "status" varchar(20),
        primary key ("id")
    )
Hibernate: 
    
    create table "case_stage" (
       "id" bigint generated by default as identity,
        "created_at" timestamp not null,
        "updated_at" timestamp not null,
        "deleted" boolean not null,
        "case_id" bigint not null,
        "end_date" date,
        "stage_name" varchar(50) not null,
        "stage_order" integer not null,
        "start_date" date,
        "status" varchar(20),
        primary key ("id")
    )
2026-04-18 00:10:26.787 [restartedMain] DEBUG org.hibernate.SQL - 
    
    create table "case_stage_todo_template" (
       "id" bigint generated by default as identity,
        "created_at" timestamp not null,
        "updated_at" timestamp not null,
        "deleted" boolean not null,
        "assignee_type" varchar(20),
        "due_days" integer,
        "flow_template_id" bigint not null,
        "priority" varchar(20),
        "sort_order" integer not null,
        "stage_name" varchar(50) not null,
        "stage_order" integer not null,
        "todo_description" varchar(255),
        "todo_title" varchar(200) not null,
        primary key ("id")
    )
Hibernate: 
    
    create table "case_stage_todo_template" (
       "id" bigint generated by default as identity,
        "created_at" timestamp not null,
        "updated_at" timestamp not null,
        "deleted" boolean not null,
        "assignee_type" varchar(20),
        "due_days" integer,
        "flow_template_id" bigint not null,
        "priority" varchar(20),
        "sort_order" integer not null,
        "stage_name" varchar(50) not null,
        "stage_order" integer not null,
        "todo_description" varchar(255),
        "todo_title" varchar(200) not null,
        primary key ("id")
    )
2026-04-18 00:10:26.787 [restartedMain] DEBUG org.hibernate.SQL - 
    
    create table "case_timeline" (
       "id" bigint generated by default as identity,
        "created_at" timestamp not null,
        "updated_at" timestamp not null,
        "deleted" boolean not null,
        "action_content" varchar(255) not null,
        "action_type" varchar(50) not null,
        "case_id" bigint not null,
        "is_comment" boolean,
        "mentions" varchar(255),
        "operator_id" bigint not null,
        "parent_id" bigint,
        primary key ("id")
    )
Hibernate: 
    
    create table "case_timeline" (
       "id" bigint generated by default as identity,
        "created_at" timestamp not null,
        "updated_at" timestamp not null,
        "deleted" boolean not null,
        "action_content" varchar(255) not null,
        "action_type" varchar(50) not null,
        "case_id" bigint not null,
        "is_comment" boolean,
        "mentions" varchar(255),
        "operator_id" bigint not null,
        "parent_id" bigint,
        primary key ("id")
    )
2026-04-18 00:10:26.787 [restartedMain] DEBUG org.hibernate.SQL - 
    
    create table "client" (
       "id" bigint generated by default as identity,
        "created_at" timestamp not null,
        "updated_at" timestamp not null,
        "deleted" boolean not null,
        "address" varchar(255),
        "client_name" varchar(100) not null,
        "client_type" varchar(20) not null,
        "credit_code" varchar(50),
        "email" varchar(100),
        "gender" varchar(10),
        "id_card" varchar(20),
        "industry" varchar(50),
        "legal_representative" varchar(50),
        "notes" varchar(255),
        "owner_id" bigint,
        "phone" varchar(20),
        "source" varchar(255),
        "status" varchar(20),
        primary key ("id")
    )
Hibernate: 
    
    create table "client" (
       "id" bigint generated by default as identity,
        "created_at" timestamp not null,
        "updated_at" timestamp not null,
        "deleted" boolean not null,
        "address" varchar(255),
        "client_name" varchar(100) not null,
        "client_type" varchar(20) not null,
        "credit_code" varchar(50),
        "email" varchar(100),
        "gender" varchar(10),
        "id_card" varchar(20),
        "industry" varchar(50),
        "legal_representative" varchar(50),
        "notes" varchar(255),
        "owner_id" bigint,
        "phone" varchar(20),
        "source" varchar(255),
        "status" varchar(20),
        primary key ("id")
    )
2026-04-18 00:10:26.789 [restartedMain] DEBUG org.hibernate.SQL - 
    
    create table "communication_record" (
       "id" bigint generated by default as identity,
        "created_at" timestamp not null,
        "updated_at" timestamp not null,
        "deleted" boolean not null,
        "attachments" varchar(255),
        "client_id" bigint not null,
        "communication_date" date not null,
        "communication_type" varchar(20) not null,
        "content" varchar(255) not null,
        "next_follow_date" date,
        "operator_id" bigint not null,
        primary key ("id")
    )
Hibernate: 
    
    create table "communication_record" (
       "id" bigint generated by default as identity,
        "created_at" timestamp not null,
        "updated_at" timestamp not null,
        "deleted" boolean not null,
        "attachments" varchar(255),
        "client_id" bigint not null,
        "communication_date" date not null,
        "communication_type" varchar(20) not null,
        "content" varchar(255) not null,
        "next_follow_date" date,
        "operator_id" bigint not null,
        primary key ("id")
    )
2026-04-18 00:10:26.789 [restartedMain] DEBUG org.hibernate.SQL - 
    
    create table "department" (
       "id" bigint generated by default as identity,
        "created_at" timestamp not null,
        "updated_at" timestamp not null,
        "deleted" boolean not null,
        "dept_name" varchar(50) not null,
        "description" varchar(255),
        "leader_id" bigint,
        "parent_id" bigint,
        primary key ("id")
    )
Hibernate: 
    
    create table "department" (
       "id" bigint generated by default as identity,
        "created_at" timestamp not null,
        "updated_at" timestamp not null,
        "deleted" boolean not null,
        "dept_name" varchar(50) not null,
        "description" varchar(255),
        "leader_id" bigint,
        "parent_id" bigint,
        primary key ("id")
    )
2026-04-18 00:10:26.790 [restartedMain] DEBUG org.hibernate.SQL - 
    
    create table "dictionary" (
       "id" bigint generated by default as identity,
        "created_at" timestamp not null,
        "updated_at" timestamp not null,
        "deleted" boolean not null,
        "dict_label" varchar(100) not null,
        "dict_type" varchar(50) not null,
        "dict_value" varchar(100) not null,
        "remark" varchar(255),
        "sort_order" integer,
        "status" integer,
        primary key ("id")
    )
Hibernate: 
    
    create table "dictionary" (
       "id" bigint generated by default as identity,
        "created_at" timestamp not null,
        "updated_at" timestamp not null,
        "deleted" boolean not null,
        "dict_label" varchar(100) not null,
        "dict_type" varchar(50) not null,
        "dict_value" varchar(100) not null,
        "remark" varchar(255),
        "sort_order" integer,
        "status" integer,
        primary key ("id")
    )
2026-04-18 00:10:26.790 [restartedMain] DEBUG org.hibernate.SQL - 
    
    create table "finance_record" (
       "id" bigint generated by default as identity,
        "created_at" timestamp not null,
        "updated_at" timestamp not null,
        "deleted" boolean not null,
        "amount" numeric(15,2) not null,
        "case_id" bigint,
        "description" varchar(255),
        "expense_type" varchar(50),
        "finance_type" varchar(20) not null,
        "operator_id" bigint not null,
        "payment_method" varchar(20),
        "receipt" varchar(255),
        "transaction_date" date not null,
        primary key ("id")
    )
Hibernate: 
    
    create table "finance_record" (
       "id" bigint generated by default as identity,
        "created_at" timestamp not null,
        "updated_at" timestamp not null,
        "deleted" boolean not null,
        "amount" numeric(15,2) not null,
        "case_id" bigint,
        "description" varchar(255),
        "expense_type" varchar(50),
        "finance_type" varchar(20) not null,
        "operator_id" bigint not null,
        "payment_method" varchar(20),
        "receipt" varchar(255),
        "transaction_date" date not null,
        primary key ("id")
    )
2026-04-18 00:10:26.791 [restartedMain] DEBUG org.hibernate.SQL - 
    
    create table "invoice" (
       "id" bigint generated by default as identity,
        "created_at" timestamp not null,
        "updated_at" timestamp not null,
        "deleted" boolean not null,
        "amount" numeric(15,2) not null,
        "billing_date" date not null,
        "case_id" bigint,
        "invoice_number" varchar(50),
        "invoice_type" varchar(20) not null,
        "status" varchar(20),
        "tax_number" varchar(50),
        "title" varchar(200) not null,
        primary key ("id")
    )
Hibernate: 
    
    create table "invoice" (
       "id" bigint generated by default as identity,
        "created_at" timestamp not null,
        "updated_at" timestamp not null,
        "deleted" boolean not null,
        "amount" numeric(15,2) not null,
        "billing_date" date not null,
        "case_id" bigint,
        "invoice_number" varchar(50),
        "invoice_type" varchar(20) not null,
        "status" varchar(20),
        "tax_number" varchar(50),
        "title" varchar(200) not null,
        primary key ("id")
    )
2026-04-18 00:10:26.791 [restartedMain] DEBUG org.hibernate.SQL - 
    
    create table "meeting_booking" (
       "id" bigint generated by default as identity,
        "created_at" timestamp not null,
        "updated_at" timestamp not null,
        "deleted" boolean not null,
        "attendees" varchar(255),
        "booker_id" bigint not null,
        "case_id" bigint,
        "end_time" timestamp not null,
        "meeting_title" varchar(200) not null,
        "notes" varchar(255),
        "room_id" bigint not null,
        "start_time" timestamp not null,
        "status" varchar(20),
        primary key ("id")
    )
Hibernate: 
    
    create table "meeting_booking" (
       "id" bigint generated by default as identity,
        "created_at" timestamp not null,
        "updated_at" timestamp not null,
        "deleted" boolean not null,
        "attendees" varchar(255),
        "booker_id" bigint not null,
        "case_id" bigint,
        "end_time" timestamp not null,
        "meeting_title" varchar(200) not null,
        "notes" varchar(255),
        "room_id" bigint not null,
        "start_time" timestamp not null,
        "status" varchar(20),
        primary key ("id")
    )
2026-04-18 00:10:26.792 [restartedMain] DEBUG org.hibernate.SQL - 
    
    create table "meeting_room" (
       "id" bigint generated by default as identity,
        "created_at" timestamp not null,
        "updated_at" timestamp not null,
        "deleted" boolean not null,
        "capacity" integer,
        "facilities" varchar(255),
        "location" varchar(255),
        "room_name" varchar(50) not null,
        "status" integer,
        primary key ("id")
    )
Hibernate: 
    
    create table "meeting_room" (
       "id" bigint generated by default as identity,
        "created_at" timestamp not null,
        "updated_at" timestamp not null,
        "deleted" boolean not null,
        "capacity" integer,
        "facilities" varchar(255),
        "location" varchar(255),
        "room_name" varchar(50) not null,
        "status" integer,
        primary key ("id")
    )
2026-04-18 00:10:26.792 [restartedMain] DEBUG org.hibernate.SQL - 
    
    create table "notification" (
       "id" bigint generated by default as identity,
        "created_at" timestamp not null,
        "updated_at" timestamp not null,
        "deleted" boolean not null,
        "category" varchar(50),
        "content" varchar(255) not null,
        "is_read" boolean not null,
        "read_time" timestamp,
        "receiver_id" bigint not null,
        "related_id" bigint,
        "related_type" varchar(50),
        "title" varchar(200) not null,
        primary key ("id")
    )
Hibernate: 
    
    create table "notification" (
       "id" bigint generated by default as identity,
        "created_at" timestamp not null,
        "updated_at" timestamp not null,
        "deleted" boolean not null,
        "category" varchar(50),
        "content" varchar(255) not null,
        "is_read" boolean not null,
        "read_time" timestamp,
        "receiver_id" bigint not null,
        "related_id" bigint,
        "related_type" varchar(50),
        "title" varchar(200) not null,
        primary key ("id")
    )
2026-04-18 00:10:26.793 [restartedMain] DEBUG org.hibernate.SQL - 
    
    create table "party" (
       "id" bigint generated by default as identity,
        "created_at" timestamp not null,
        "updated_at" timestamp not null,
        "deleted" boolean not null,
        "address" varchar(255),
        "case_id" bigint not null,
        "credit_code" varchar(50),
        "ethnicity" varchar(20),
        "gender" varchar(10),
        "id_card" varchar(20),
        "is_client" boolean,
        "legal_representative" varchar(50),
        "name" varchar(100) not null,
        "notes" varchar(255),
        "opposing_lawyer" varchar(50),
        "party_role" varchar(20) not null,
        "party_type" varchar(20) not null,
        "phone" varchar(20),
        primary key ("id")
    )
Hibernate: 
    
    create table "party" (
       "id" bigint generated by default as identity,
        "created_at" timestamp not null,
        "updated_at" timestamp not null,
        "deleted" boolean not null,
        "address" varchar(255),
        "case_id" bigint not null,
        "credit_code" varchar(50),
        "ethnicity" varchar(20),
        "gender" varchar(10),
        "id_card" varchar(20),
        "is_client" boolean,
        "legal_representative" varchar(50),
        "name" varchar(100) not null,
        "notes" varchar(255),
        "opposing_lawyer" varchar(50),
        "party_role" varchar(20) not null,
        "party_type" varchar(20) not null,
        "phone" varchar(20),
        primary key ("id")
    )
2026-04-18 00:10:26.793 [restartedMain] DEBUG org.hibernate.SQL - 
    
    create table "payment" (
       "id" bigint generated by default as identity,
        "created_at" timestamp not null,
        "updated_at" timestamp not null,
        "deleted" boolean not null,
        "bank_account" varchar(50),
        "case_id" bigint,
        "notes" varchar(255),
        "payer" varchar(100),
        "payment_amount" numeric(15,2) not null,
        "payment_date" date not null,
        "payment_method" varchar(20) not null,
        "transaction_number" varchar(100),
        primary key ("id")
    )
Hibernate: 
    
    create table "payment" (
       "id" bigint generated by default as identity,
        "created_at" timestamp not null,
        "updated_at" timestamp not null,
        "deleted" boolean not null,
        "bank_account" varchar(50),
        "case_id" bigint,
        "notes" varchar(255),
        "payer" varchar(100),
        "payment_amount" numeric(15,2) not null,
        "payment_date" date not null,
        "payment_method" varchar(20) not null,
        "transaction_number" varchar(100),
        primary key ("id")
    )
2026-04-18 00:10:26.794 [restartedMain] DEBUG org.hibernate.SQL - 
    
    create table "permission" (
       "id" bigint generated by default as identity,
        "created_at" timestamp not null,
        "updated_at" timestamp not null,
        "deleted" boolean not null,
        "parent_id" bigint,
        "permission_code" varchar(100) not null,
        "permission_name" varchar(100) not null,
        "resource_type" varchar(20),
        "resource_url" varchar(255),
        "sort_order" integer,
        primary key ("id")
    )
Hibernate: 
    
    create table "permission" (
       "id" bigint generated by default as identity,
        "created_at" timestamp not null,
        "updated_at" timestamp not null,
        "deleted" boolean not null,
        "parent_id" bigint,
        "permission_code" varchar(100) not null,
        "permission_name" varchar(100) not null,
        "resource_type" varchar(20),
        "resource_url" varchar(255),
        "sort_order" integer,
        primary key ("id")
    )
2026-04-18 00:10:26.794 [restartedMain] DEBUG org.hibernate.SQL - 
    
    create table "role" (
       "id" bigint generated by default as identity,
        "created_at" timestamp not null,
        "updated_at" timestamp not null,
        "deleted" boolean not null,
        "description" varchar(255),
        "role_code" varchar(50) not null,
        "role_name" varchar(50) not null,
        primary key ("id")
    )
Hibernate: 
    
    create table "role" (
       "id" bigint generated by default as identity,
        "created_at" timestamp not null,
        "updated_at" timestamp not null,
        "deleted" boolean not null,
        "description" varchar(255),
        "role_code" varchar(50) not null,
        "role_name" varchar(50) not null,
        primary key ("id")
    )
2026-04-18 00:10:26.795 [restartedMain] DEBUG org.hibernate.SQL - 
    
    create table "role_permission" (
       "id" bigint generated by default as identity,
        "created_at" timestamp not null,
        "permission_id" bigint not null,
        "role_id" bigint not null,
        primary key ("id")
    )
Hibernate: 
    
    create table "role_permission" (
       "id" bigint generated by default as identity,
        "created_at" timestamp not null,
        "permission_id" bigint not null,
        "role_id" bigint not null,
        primary key ("id")
    )
2026-04-18 00:10:26.795 [restartedMain] DEBUG org.hibernate.SQL - 
    
    create table "system_config" (
       "id" bigint generated by default as identity,
        "created_at" timestamp not null,
        "updated_at" timestamp not null,
        "deleted" boolean not null,
        "category" varchar(50),
        "config_key" varchar(100) not null,
        "config_type" varchar(20),
        "config_value" varchar(255),
        "description" varchar(255),
        primary key ("id")
    )
Hibernate: 
    
    create table "system_config" (
       "id" bigint generated by default as identity,
        "created_at" timestamp not null,
        "updated_at" timestamp not null,
        "deleted" boolean not null,
        "category" varchar(50),
        "config_key" varchar(100) not null,
        "config_type" varchar(20),
        "config_value" varchar(255),
        "description" varchar(255),
        primary key ("id")
    )
2026-04-18 00:10:26.795 [restartedMain] DEBUG org.hibernate.SQL - 
    
    create table "todo" (
       "id" bigint generated by default as identity,
        "created_at" timestamp not null,
        "updated_at" timestamp not null,
        "deleted" boolean not null,
        "assignee_id" bigint not null,
        "case_id" bigint,
        "completed_at" timestamp,
        "description" varchar(255),
        "due_date" timestamp,
        "priority" varchar(20),
        "reminder" boolean,
        "status" varchar(20),
        "title" varchar(200) not null,
        primary key ("id")
    )
Hibernate: 
    
    create table "todo" (
       "id" bigint generated by default as identity,
        "created_at" timestamp not null,
        "updated_at" timestamp not null,
        "deleted" boolean not null,
        "assignee_id" bigint not null,
        "case_id" bigint,
        "completed_at" timestamp,
        "description" varchar(255),
        "due_date" timestamp,
        "priority" varchar(20),
        "reminder" boolean,
        "status" varchar(20),
        "title" varchar(200) not null,
        primary key ("id")
    )
2026-04-18 00:10:26.796 [restartedMain] DEBUG org.hibernate.SQL - 
    
    create table "user" (
       "id" bigint generated by default as identity,
        "created_at" timestamp not null,
        "updated_at" timestamp not null,
        "deleted" boolean not null,
        "avatar" varchar(255),
        "department_id" bigint,
        "email" varchar(100),
        "last_login_time" timestamp,
        "password" varchar(255) not null,
        "phone" varchar(20),
        "position" varchar(50),
        "real_name" varchar(50) not null,
        "status" integer not null,
        "username" varchar(50) not null,
        primary key ("id")
    )
Hibernate: 
    
    create table "user" (
       "id" bigint generated by default as identity,
        "created_at" timestamp not null,
        "updated_at" timestamp not null,
        "deleted" boolean not null,
        "avatar" varchar(255),
        "department_id" bigint,
        "email" varchar(100),
        "last_login_time" timestamp,
        "password" varchar(255) not null,
        "phone" varchar(20),
        "position" varchar(50),
        "real_name" varchar(50) not null,
        "status" integer not null,
        "username" varchar(50) not null,
        primary key ("id")
    )
2026-04-18 00:10:26.796 [restartedMain] DEBUG org.hibernate.SQL - 
    
    create table "user_role" (
       "id" bigint generated by default as identity,
        "created_at" timestamp not null,
        "role_id" bigint not null,
        "user_id" bigint not null,
        primary key ("id")
    )
Hibernate: 
    
    create table "user_role" (
       "id" bigint generated by default as identity,
        "created_at" timestamp not null,
        "role_id" bigint not null,
        "user_id" bigint not null,
        primary key ("id")
    )
2026-04-18 00:10:26.797 [restartedMain] DEBUG org.hibernate.SQL - 
    
    alter table "announcement_read" 
       add constraint "UK5aig4mvrxnvaum3568k0jedb" unique ("announcement_id", "user_id")
Hibernate: 
    
    alter table "announcement_read" 
       add constraint "UK5aig4mvrxnvaum3568k0jedb" unique ("announcement_id", "user_id")
2026-04-18 00:10:26.797 [restartedMain] DEBUG org.hibernate.SQL - 
    
    alter table "case" 
       add constraint UK_m3s0dxysqce5xwleqmppvfgtl unique ("case_number")
Hibernate: 
    
    alter table "case" 
       add constraint UK_m3s0dxysqce5xwleqmppvfgtl unique ("case_number")
2026-04-18 00:10:26.798 [restartedMain] DEBUG org.hibernate.SQL - 
    
    alter table "case_member" 
       add constraint "UKkqkpos0m6s2jug8o30ud5wb06" unique ("case_id", "user_id")
Hibernate: 
    
    alter table "case_member" 
       add constraint "UKkqkpos0m6s2jug8o30ud5wb06" unique ("case_id", "user_id")
2026-04-18 00:10:26.798 [restartedMain] DEBUG org.hibernate.SQL - 
    
    alter table "invoice" 
       add constraint UK_t6xkdjx1qtd5whp2iljdfn2yj unique ("invoice_number")
Hibernate: 
    
    alter table "invoice" 
       add constraint UK_t6xkdjx1qtd5whp2iljdfn2yj unique ("invoice_number")
2026-04-18 00:10:26.798 [restartedMain] DEBUG org.hibernate.SQL - 
    
    alter table "permission" 
       add constraint UK_pubb8bn5j1jwu50vnykvbap9w unique ("permission_code")
Hibernate: 
    
    alter table "permission" 
       add constraint UK_pubb8bn5j1jwu50vnykvbap9w unique ("permission_code")
2026-04-18 00:10:26.798 [restartedMain] DEBUG org.hibernate.SQL - 
    
    alter table "role" 
       add constraint UK_sdrtot4l6mbqfv3s0xp4x8eay unique ("role_code")
Hibernate: 
    
    alter table "role" 
       add constraint UK_sdrtot4l6mbqfv3s0xp4x8eay unique ("role_code")
2026-04-18 00:10:26.798 [restartedMain] DEBUG org.hibernate.SQL - 
    
    alter table "role_permission" 
       add constraint "UK434npt28orf3dp3cve9uxopay" unique ("role_id", "permission_id")
Hibernate: 
    
    alter table "role_permission" 
       add constraint "UK434npt28orf3dp3cve9uxopay" unique ("role_id", "permission_id")
2026-04-18 00:10:26.799 [restartedMain] DEBUG org.hibernate.SQL - 
    
    alter table "system_config" 
       add constraint UK_npsxm1erd0lbetjn5d3ayrsof unique ("config_key")
Hibernate: 
    
    alter table "system_config" 
       add constraint UK_npsxm1erd0lbetjn5d3ayrsof unique ("config_key")
2026-04-18 00:10:26.799 [restartedMain] DEBUG org.hibernate.SQL - 
    
    alter table "user" 
       add constraint UK_sb8bbouer5wak8vyiiy4pf2bx unique ("username")
Hibernate: 
    
    alter table "user" 
       add constraint UK_sb8bbouer5wak8vyiiy4pf2bx unique ("username")
2026-04-18 00:10:26.799 [restartedMain] DEBUG org.hibernate.SQL - 
    
    alter table "user_role" 
       add constraint "UK2csqu49yr2llhahh03a1se45" unique ("user_id", "role_id")
Hibernate: 
    
    alter table "user_role" 
       add constraint "UK2csqu49yr2llhahh03a1se45" unique ("user_id", "role_id")
2026-04-18 00:10:26.800 [restartedMain] INFO  o.h.e.t.j.p.i.JtaPlatformInitiator - HHH000490: Using JtaPlatform implementation: [org.hibernate.engine.transaction.jta.platform.internal.NoJtaPlatform]
2026-04-18 00:10:26.803 [restartedMain] INFO  o.s.o.j.LocalContainerEntityManagerFactoryBean - Initialized JPA EntityManagerFactory for persistence unit 'default'
2026-04-18 00:10:26.934 [restartedMain] DEBUG o.s.s.a.p.PrePostAnnotationSecurityMetadataSource - @org.springframework.security.access.prepost.PreAuthorize(value="hasRole('ADMIN')") found on specific method: public com.lawfirm.util.Result com.lawfirm.controller.AIConfigController.createConfig(com.lawfirm.dto.AIConfigDTO)
2026-04-18 00:10:26.937 [restartedMain] DEBUG o.s.s.a.m.DelegatingMethodSecurityMetadataSource - Caching method [CacheKey[com.lawfirm.controller.AIConfigController; public com.lawfirm.util.Result com.lawfirm.controller.AIConfigController.createConfig(com.lawfirm.dto.AIConfigDTO)]] with attributes [[authorize: 'hasRole('ADMIN')', filter: 'null', filterTarget: 'null']]
2026-04-18 00:10:26.941 [restartedMain] DEBUG o.s.s.a.p.PrePostAnnotationSecurityMetadataSource - @org.springframework.security.access.prepost.PreAuthorize(value="hasRole('ADMIN')") found on specific method: public com.lawfirm.util.Result com.lawfirm.controller.AIConfigController.updateConfig(java.lang.Long,com.lawfirm.dto.AIConfigDTO)
2026-04-18 00:10:26.941 [restartedMain] DEBUG o.s.s.a.m.DelegatingMethodSecurityMetadataSource - Caching method [CacheKey[com.lawfirm.controller.AIConfigController; public com.lawfirm.util.Result com.lawfirm.controller.AIConfigController.updateConfig(java.lang.Long,com.lawfirm.dto.AIConfigDTO)]] with attributes [[authorize: 'hasRole('ADMIN')', filter: 'null', filterTarget: 'null']]
2026-04-18 00:10:26.941 [restartedMain] DEBUG o.s.s.a.p.PrePostAnnotationSecurityMetadataSource - @org.springframework.security.access.prepost.PreAuthorize(value="hasRole('ADMIN')") found on specific method: public com.lawfirm.util.Result com.lawfirm.controller.AIConfigController.deleteConfig(java.lang.Long)
2026-04-18 00:10:26.941 [restartedMain] DEBUG o.s.s.a.m.DelegatingMethodSecurityMetadataSource - Caching method [CacheKey[com.lawfirm.controller.AIConfigController; public com.lawfirm.util.Result com.lawfirm.controller.AIConfigController.deleteConfig(java.lang.Long)]] with attributes [[authorize: 'hasRole('ADMIN')', filter: 'null', filterTarget: 'null']]
2026-04-18 00:10:26.941 [restartedMain] DEBUG o.s.s.a.p.PrePostAnnotationSecurityMetadataSource - @org.springframework.security.access.prepost.PreAuthorize(value="hasRole('ADMIN')") found on specific method: public com.lawfirm.util.Result com.lawfirm.controller.AIConfigController.getAllConfigs()
2026-04-18 00:10:26.941 [restartedMain] DEBUG o.s.s.a.m.DelegatingMethodSecurityMetadataSource - Caching method [CacheKey[com.lawfirm.controller.AIConfigController; public com.lawfirm.util.Result com.lawfirm.controller.AIConfigController.getAllConfigs()]] with attributes [[authorize: 'hasRole('ADMIN')', filter: 'null', filterTarget: 'null']]
2026-04-18 00:10:26.941 [restartedMain] DEBUG o.s.s.a.p.PrePostAnnotationSecurityMetadataSource - @org.springframework.security.access.prepost.PreAuthorize(value="hasAnyRole('ADMIN', 'LAWYER', 'ASSISTANT')") found on specific method: public com.lawfirm.util.Result com.lawfirm.controller.AIConfigController.getDefaultConfig()
2026-04-18 00:10:26.941 [restartedMain] DEBUG o.s.s.a.m.DelegatingMethodSecurityMetadataSource - Caching method [CacheKey[com.lawfirm.controller.AIConfigController; public com.lawfirm.util.Result com.lawfirm.controller.AIConfigController.getDefaultConfig()]] with attributes [[authorize: 'hasAnyRole('ADMIN', 'LAWYER', 'ASSISTANT')', filter: 'null', filterTarget: 'null']]
2026-04-18 00:10:26.941 [restartedMain] DEBUG o.s.s.a.p.PrePostAnnotationSecurityMetadataSource - @org.springframework.security.access.prepost.PreAuthorize(value="hasRole('ADMIN')") found on specific method: public com.lawfirm.util.Result com.lawfirm.controller.AIConfigController.getConfig(java.lang.Long)
2026-04-18 00:10:26.941 [restartedMain] DEBUG o.s.s.a.m.DelegatingMethodSecurityMetadataSource - Caching method [CacheKey[com.lawfirm.controller.AIConfigController; public com.lawfirm.util.Result com.lawfirm.controller.AIConfigController.getConfig(java.lang.Long)]] with attributes [[authorize: 'hasRole('ADMIN')', filter: 'null', filterTarget: 'null']]
2026-04-18 00:10:26.941 [restartedMain] DEBUG o.s.s.a.p.PrePostAnnotationSecurityMetadataSource - @org.springframework.security.access.prepost.PreAuthorize(value="hasRole('ADMIN')") found on specific method: public com.lawfirm.util.Result com.lawfirm.controller.AIConfigController.getConfigsByProvider(java.lang.String)
2026-04-18 00:10:26.941 [restartedMain] DEBUG o.s.s.a.m.DelegatingMethodSecurityMetadataSource - Caching method [CacheKey[com.lawfirm.controller.AIConfigController; public com.lawfirm.util.Result com.lawfirm.controller.AIConfigController.getConfigsByProvider(java.lang.String)]] with attributes [[authorize: 'hasRole('ADMIN')', filter: 'null', filterTarget: 'null']]
2026-04-18 00:10:26.972 [restartedMain] DEBUG o.s.s.a.p.PrePostAnnotationSecurityMetadataSource - @org.springframework.security.access.prepost.PreAuthorize(value="hasRole('ADMIN')") found on specific method: public com.lawfirm.util.Result com.lawfirm.controller.AILogController.getAllLogs(int,int)
2026-04-18 00:10:26.973 [restartedMain] DEBUG o.s.s.a.m.DelegatingMethodSecurityMetadataSource - Caching method [CacheKey[com.lawfirm.controller.AILogController; public com.lawfirm.util.Result com.lawfirm.controller.AILogController.getAllLogs(int,int)]] with attributes [[authorize: 'hasRole('ADMIN')', filter: 'null', filterTarget: 'null']]
2026-04-18 00:10:26.973 [restartedMain] DEBUG o.s.s.a.p.PrePostAnnotationSecurityMetadataSource - @org.springframework.security.access.prepost.PreAuthorize(value="hasAnyRole('ADMIN', 'LAWYER', 'ASSISTANT')") found on specific method: public com.lawfirm.util.Result com.lawfirm.controller.AILogController.getUserLogs(int,int)
2026-04-18 00:10:26.973 [restartedMain] DEBUG o.s.s.a.m.DelegatingMethodSecurityMetadataSource - Caching method [CacheKey[com.lawfirm.controller.AILogController; public com.lawfirm.util.Result com.lawfirm.controller.AILogController.getUserLogs(int,int)]] with attributes [[authorize: 'hasAnyRole('ADMIN', 'LAWYER', 'ASSISTANT')', filter: 'null', filterTarget: 'null']]
2026-04-18 00:10:26.973 [restartedMain] DEBUG o.s.s.a.p.PrePostAnnotationSecurityMetadataSource - @org.springframework.security.access.prepost.PreAuthorize(value="hasAnyRole('ADMIN', 'LAWYER', 'ASSISTANT')") found on specific method: public com.lawfirm.util.Result com.lawfirm.controller.AILogController.getCaseLogs(java.lang.Long,int,int)
2026-04-18 00:10:26.973 [restartedMain] DEBUG o.s.s.a.m.DelegatingMethodSecurityMetadataSource - Caching method [CacheKey[com.lawfirm.controller.AILogController; public com.lawfirm.util.Result com.lawfirm.controller.AILogController.getCaseLogs(java.lang.Long,int,int)]] with attributes [[authorize: 'hasAnyRole('ADMIN', 'LAWYER', 'ASSISTANT')', filter: 'null', filterTarget: 'null']]
2026-04-18 00:10:27.035 [restartedMain] DEBUG o.s.s.a.p.PrePostAnnotationSecurityMetadataSource - @org.springframework.security.access.prepost.PreAuthorize(value="hasAnyRole('ADMIN', 'LAWYER', 'ASSISTANT')") found on specific method: public com.lawfirm.util.Result com.lawfirm.controller.AiChatController.caseChat(com.lawfirm.dto.AiChatRequest)
2026-04-18 00:10:27.035 [restartedMain] DEBUG o.s.s.a.m.DelegatingMethodSecurityMetadataSource - Caching method [CacheKey[com.lawfirm.controller.AiChatController; public com.lawfirm.util.Result com.lawfirm.controller.AiChatController.caseChat(com.lawfirm.dto.AiChatRequest)]] with attributes [[authorize: 'hasAnyRole('ADMIN', 'LAWYER', 'ASSISTANT')', filter: 'null', filterTarget: 'null']]
2026-04-18 00:10:27.036 [restartedMain] DEBUG o.s.s.a.p.PrePostAnnotationSecurityMetadataSource - @org.springframework.security.access.prepost.PreAuthorize(value="hasAnyRole('ADMIN', 'LAWYER', 'ASSISTANT')") found on specific method: public com.lawfirm.util.Result com.lawfirm.controller.AiChatController.generalChat(java.lang.String)
2026-04-18 00:10:27.036 [restartedMain] DEBUG o.s.s.a.m.DelegatingMethodSecurityMetadataSource - Caching method [CacheKey[com.lawfirm.controller.AiChatController; public com.lawfirm.util.Result com.lawfirm.controller.AiChatController.generalChat(java.lang.String)]] with attributes [[authorize: 'hasAnyRole('ADMIN', 'LAWYER', 'ASSISTANT')', filter: 'null', filterTarget: 'null']]
2026-04-18 00:10:27.112 [restartedMain] DEBUG o.s.s.a.p.PrePostAnnotationSecurityMetadataSource - @org.springframework.security.access.prepost.PreAuthorize(value="isAuthenticated()") found on specific method: public com.lawfirm.util.Result com.lawfirm.controller.AuthController.changePassword(java.lang.String,com.lawfirm.controller.AuthController$ChangePasswordRequest)
2026-04-18 00:10:27.112 [restartedMain] DEBUG o.s.s.a.m.DelegatingMethodSecurityMetadataSource - Caching method [CacheKey[com.lawfirm.controller.AuthController; public com.lawfirm.util.Result com.lawfirm.controller.AuthController.changePassword(java.lang.String,com.lawfirm.controller.AuthController$ChangePasswordRequest)]] with attributes [[authorize: 'isAuthenticated()', filter: 'null', filterTarget: 'null']]
2026-04-18 00:10:27.112 [restartedMain] DEBUG o.s.s.a.p.PrePostAnnotationSecurityMetadataSource - @org.springframework.security.access.prepost.PreAuthorize(value="isAuthenticated()") found on specific method: public com.lawfirm.util.Result com.lawfirm.controller.AuthController.getCurrentUser(java.lang.String)
2026-04-18 00:10:27.112 [restartedMain] DEBUG o.s.s.a.m.DelegatingMethodSecurityMetadataSource - Caching method [CacheKey[com.lawfirm.controller.AuthController; public com.lawfirm.util.Result com.lawfirm.controller.AuthController.getCurrentUser(java.lang.String)]] with attributes [[authorize: 'isAuthenticated()', filter: 'null', filterTarget: 'null']]
2026-04-18 00:10:27.253 [restartedMain] DEBUG o.s.s.a.p.PrePostAnnotationSecurityMetadataSource - @org.springframework.security.access.prepost.PreAuthorize(value="hasAuthority('CASE_CREATE')") found on specific method: public com.lawfirm.util.Result com.lawfirm.controller.CaseController.createCase(com.lawfirm.dto.CaseCreateRequest,org.springframework.security.core.userdetails.UserDetails)
2026-04-18 00:10:27.253 [restartedMain] DEBUG o.s.s.a.m.DelegatingMethodSecurityMetadataSource - Caching method [CacheKey[com.lawfirm.controller.CaseController; public com.lawfirm.util.Result com.lawfirm.controller.CaseController.createCase(com.lawfirm.dto.CaseCreateRequest,org.springframework.security.core.userdetails.UserDetails)]] with attributes [[authorize: 'hasAuthority('CASE_CREATE')', filter: 'null', filterTarget: 'null']]
2026-04-18 00:10:27.254 [restartedMain] DEBUG o.s.s.a.p.PrePostAnnotationSecurityMetadataSource - @org.springframework.security.access.prepost.PreAuthorize(value="hasAuthority('CASE_VIEW')") found on specific method: public com.lawfirm.util.Result com.lawfirm.controller.CaseController.getCaseList(com.lawfirm.dto.CaseQueryRequest)
2026-04-18 00:10:27.254 [restartedMain] DEBUG o.s.s.a.m.DelegatingMethodSecurityMetadataSource - Caching method [CacheKey[com.lawfirm.controller.CaseController; public com.lawfirm.util.Result com.lawfirm.controller.CaseController.getCaseList(com.lawfirm.dto.CaseQueryRequest)]] with attributes [[authorize: 'hasAuthority('CASE_VIEW')', filter: 'null', filterTarget: 'null']]
2026-04-18 00:10:27.254 [restartedMain] DEBUG o.s.s.a.p.PrePostAnnotationSecurityMetadataSource - @org.springframework.security.access.prepost.PreAuthorize(value="hasAuthority('CASE_VIEW')") found on specific method: public com.lawfirm.util.Result com.lawfirm.controller.CaseController.getCaseDetail(java.lang.Long)
2026-04-18 00:10:27.254 [restartedMain] DEBUG o.s.s.a.m.DelegatingMethodSecurityMetadataSource - Caching method [CacheKey[com.lawfirm.controller.CaseController; public com.lawfirm.util.Result com.lawfirm.controller.CaseController.getCaseDetail(java.lang.Long)]] with attributes [[authorize: 'hasAuthority('CASE_VIEW')', filter: 'null', filterTarget: 'null']]
2026-04-18 00:10:27.254 [restartedMain] DEBUG o.s.s.a.p.PrePostAnnotationSecurityMetadataSource - @org.springframework.security.access.prepost.PreAuthorize(value="hasAuthority('CASE_EDIT')") found on specific method: public com.lawfirm.util.Result com.lawfirm.controller.CaseController.updateCase(java.lang.Long,com.lawfirm.dto.CaseUpdateRequest)
2026-04-18 00:10:27.254 [restartedMain] DEBUG o.s.s.a.m.DelegatingMethodSecurityMetadataSource - Caching method [CacheKey[com.lawfirm.controller.CaseController; public com.lawfirm.util.Result com.lawfirm.controller.CaseController.updateCase(java.lang.Long,com.lawfirm.dto.CaseUpdateRequest)]] with attributes [[authorize: 'hasAuthority('CASE_EDIT')', filter: 'null', filterTarget: 'null']]
2026-04-18 00:10:27.254 [restartedMain] DEBUG o.s.s.a.p.PrePostAnnotationSecurityMetadataSource - @org.springframework.security.access.prepost.PreAuthorize(value="hasAuthority('CASE_VIEW')") found on specific method: public com.lawfirm.util.Result com.lawfirm.controller.CaseController.checkDuplicate(java.lang.String,java.lang.String)
2026-04-18 00:10:27.254 [restartedMain] DEBUG o.s.s.a.m.DelegatingMethodSecurityMetadataSource - Caching method [CacheKey[com.lawfirm.controller.CaseController; public com.lawfirm.util.Result com.lawfirm.controller.CaseController.checkDuplicate(java.lang.String,java.lang.String)]] with attributes [[authorize: 'hasAuthority('CASE_VIEW')', filter: 'null', filterTarget: 'null']]
2026-04-18 00:10:27.254 [restartedMain] DEBUG o.s.s.a.p.PrePostAnnotationSecurityMetadataSource - @org.springframework.security.access.prepost.PreAuthorize(value="hasAuthority('CASE_EDIT')") found on specific method: public com.lawfirm.util.Result com.lawfirm.controller.CaseController.deleteTimeline(java.lang.Long,java.lang.Long)
2026-04-18 00:10:27.254 [restartedMain] DEBUG o.s.s.a.m.DelegatingMethodSecurityMetadataSource - Caching method [CacheKey[com.lawfirm.controller.CaseController; public com.lawfirm.util.Result com.lawfirm.controller.CaseController.deleteTimeline(java.lang.Long,java.lang.Long)]] with attributes [[authorize: 'hasAuthority('CASE_EDIT')', filter: 'null', filterTarget: 'null']]
2026-04-18 00:10:27.254 [restartedMain] DEBUG o.s.s.a.p.PrePostAnnotationSecurityMetadataSource - @org.springframework.security.access.prepost.PreAuthorize(value="hasAuthority('CASE_VIEW')") found on specific method: public com.lawfirm.util.Result com.lawfirm.controller.CaseController.getProcedures(java.lang.Long)
2026-04-18 00:10:27.254 [restartedMain] DEBUG o.s.s.a.m.DelegatingMethodSecurityMetadataSource - Caching method [CacheKey[com.lawfirm.controller.CaseController; public com.lawfirm.util.Result com.lawfirm.controller.CaseController.getProcedures(java.lang.Long)]] with attributes [[authorize: 'hasAuthority('CASE_VIEW')', filter: 'null', filterTarget: 'null']]
2026-04-18 00:10:27.254 [restartedMain] DEBUG o.s.s.a.p.PrePostAnnotationSecurityMetadataSource - @org.springframework.security.access.prepost.PreAuthorize(value="hasAuthority('CASE_EDIT')") found on specific method: public com.lawfirm.util.Result com.lawfirm.controller.CaseController.addRecord(java.lang.Long,com.lawfirm.dto.CaseRecordDTO,org.springframework.security.core.userdetails.UserDetails)
2026-04-18 00:10:27.254 [restartedMain] DEBUG o.s.s.a.m.DelegatingMethodSecurityMetadataSource - Caching method [CacheKey[com.lawfirm.controller.CaseController; public com.lawfirm.util.Result com.lawfirm.controller.CaseController.addRecord(java.lang.Long,com.lawfirm.dto.CaseRecordDTO,org.springframework.security.core.userdetails.UserDetails)]] with attributes [[authorize: 'hasAuthority('CASE_EDIT')', filter: 'null', filterTarget: 'null']]
2026-04-18 00:10:27.254 [restartedMain] DEBUG o.s.s.a.p.PrePostAnnotationSecurityMetadataSource - @org.springframework.security.access.prepost.PreAuthorize(value="hasAuthority('CASE_VIEW')") found on specific method: public com.lawfirm.util.Result com.lawfirm.controller.CaseController.getTimeline(java.lang.Long)
2026-04-18 00:10:27.254 [restartedMain] DEBUG o.s.s.a.m.DelegatingMethodSecurityMetadataSource - Caching method [CacheKey[com.lawfirm.controller.CaseController; public com.lawfirm.util.Result com.lawfirm.controller.CaseController.getTimeline(java.lang.Long)]] with attributes [[authorize: 'hasAuthority('CASE_VIEW')', filter: 'null', filterTarget: 'null']]
2026-04-18 00:10:27.254 [restartedMain] DEBUG o.s.s.a.p.PrePostAnnotationSecurityMetadataSource - @org.springframework.security.access.prepost.PreAuthorize(value="hasAuthority('CASE_EDIT')") found on specific method: public com.lawfirm.util.Result com.lawfirm.controller.CaseController.addComment(java.lang.Long,com.lawfirm.controller.CaseController$CommentRequest,org.springframework.security.core.userdetails.UserDetails)
2026-04-18 00:10:27.254 [restartedMain] DEBUG o.s.s.a.m.DelegatingMethodSecurityMetadataSource - Caching method [CacheKey[com.lawfirm.controller.CaseController; public com.lawfirm.util.Result com.lawfirm.controller.CaseController.addComment(java.lang.Long,com.lawfirm.controller.CaseController$CommentRequest,org.springframework.security.core.userdetails.UserDetails)]] with attributes [[authorize: 'hasAuthority('CASE_EDIT')', filter: 'null', filterTarget: 'null']]
2026-04-18 00:10:27.254 [restartedMain] DEBUG o.s.s.a.p.PrePostAnnotationSecurityMetadataSource - @org.springframework.security.access.prepost.PreAuthorize(value="hasAuthority('CASE_DELETE')") found on specific method: public com.lawfirm.util.Result com.lawfirm.controller.CaseController.deleteCase(java.lang.Long)
2026-04-18 00:10:27.254 [restartedMain] DEBUG o.s.s.a.m.DelegatingMethodSecurityMetadataSource - Caching method [CacheKey[com.lawfirm.controller.CaseController; public com.lawfirm.util.Result com.lawfirm.controller.CaseController.deleteCase(java.lang.Long)]] with attributes [[authorize: 'hasAuthority('CASE_DELETE')', filter: 'null', filterTarget: 'null']]
2026-04-18 00:10:27.254 [restartedMain] DEBUG o.s.s.a.p.PrePostAnnotationSecurityMetadataSource - @org.springframework.security.access.prepost.PreAuthorize(value="hasAuthority('CASE_EDIT')") found on specific method: public com.lawfirm.util.Result com.lawfirm.controller.CaseController.addProcedure(java.lang.Long,com.lawfirm.dto.CaseProcedureDTO)
2026-04-18 00:10:27.254 [restartedMain] DEBUG o.s.s.a.m.DelegatingMethodSecurityMetadataSource - Caching method [CacheKey[com.lawfirm.controller.CaseController; public com.lawfirm.util.Result com.lawfirm.controller.CaseController.addProcedure(java.lang.Long,com.lawfirm.dto.CaseProcedureDTO)]] with attributes [[authorize: 'hasAuthority('CASE_EDIT')', filter: 'null', filterTarget: 'null']]
2026-04-18 00:10:27.254 [restartedMain] DEBUG o.s.s.a.p.PrePostAnnotationSecurityMetadataSource - @org.springframework.security.access.prepost.PreAuthorize(value="hasAuthority('CASE_EDIT')") found on specific method: public com.lawfirm.util.Result com.lawfirm.controller.CaseController.rollbackStatus(java.lang.Long,com.lawfirm.controller.CaseController$StatusChangeRequest,org.springframework.security.core.userdetails.UserDetails)
2026-04-18 00:10:27.254 [restartedMain] DEBUG o.s.s.a.m.DelegatingMethodSecurityMetadataSource - Caching method [CacheKey[com.lawfirm.controller.CaseController; public com.lawfirm.util.Result com.lawfirm.controller.CaseController.rollbackStatus(java.lang.Long,com.lawfirm.controller.CaseController$StatusChangeRequest,org.springframework.security.core.userdetails.UserDetails)]] with attributes [[authorize: 'hasAuthority('CASE_EDIT')', filter: 'null', filterTarget: 'null']]
2026-04-18 00:10:27.254 [restartedMain] DEBUG o.s.s.a.p.PrePostAnnotationSecurityMetadataSource - @org.springframework.security.access.prepost.PreAuthorize(value="hasAuthority('CASE_EDIT')") found on specific method: public com.lawfirm.util.Result com.lawfirm.controller.CaseController.deleteParty(java.lang.Long,java.lang.Long)
2026-04-18 00:10:27.254 [restartedMain] DEBUG o.s.s.a.m.DelegatingMethodSecurityMetadataSource - Caching method [CacheKey[com.lawfirm.controller.CaseController; public com.lawfirm.util.Result com.lawfirm.controller.CaseController.deleteParty(java.lang.Long,java.lang.Long)]] with attributes [[authorize: 'hasAuthority('CASE_EDIT')', filter: 'null', filterTarget: 'null']]
2026-04-18 00:10:27.254 [restartedMain] DEBUG o.s.s.a.p.PrePostAnnotationSecurityMetadataSource - @org.springframework.security.access.prepost.PreAuthorize(value="hasAuthority('CASE_EDIT')") found on specific method: public com.lawfirm.util.Result com.lawfirm.controller.CaseController.updateParty(java.lang.Long,java.lang.Long,com.lawfirm.dto.PartyDTO)
2026-04-18 00:10:27.254 [restartedMain] DEBUG o.s.s.a.m.DelegatingMethodSecurityMetadataSource - Caching method [CacheKey[com.lawfirm.controller.CaseController; public com.lawfirm.util.Result com.lawfirm.controller.CaseController.updateParty(java.lang.Long,java.lang.Long,com.lawfirm.dto.PartyDTO)]] with attributes [[authorize: 'hasAuthority('CASE_EDIT')', filter: 'null', filterTarget: 'null']]
2026-04-18 00:10:27.254 [restartedMain] DEBUG o.s.s.a.p.PrePostAnnotationSecurityMetadataSource - @org.springframework.security.access.prepost.PreAuthorize(value="hasAuthority('CASE_EDIT')") found on specific method: public com.lawfirm.util.Result com.lawfirm.controller.CaseController.changeStatus(java.lang.Long,com.lawfirm.controller.CaseController$StatusChangeRequest,org.springframework.security.core.userdetails.UserDetails)
2026-04-18 00:10:27.254 [restartedMain] DEBUG o.s.s.a.m.DelegatingMethodSecurityMetadataSource - Caching method [CacheKey[com.lawfirm.controller.CaseController; public com.lawfirm.util.Result com.lawfirm.controller.CaseController.changeStatus(java.lang.Long,com.lawfirm.controller.CaseController$StatusChangeRequest,org.springframework.security.core.userdetails.UserDetails)]] with attributes [[authorize: 'hasAuthority('CASE_EDIT')', filter: 'null', filterTarget: 'null']]
2026-04-18 00:10:27.255 [restartedMain] DEBUG o.s.s.a.p.PrePostAnnotationSecurityMetadataSource - @org.springframework.security.access.prepost.PreAuthorize(value="hasAuthority('CASE_VIEW')") found on specific method: public com.lawfirm.util.Result com.lawfirm.controller.CaseController.getStatusHistory(java.lang.Long)
2026-04-18 00:10:27.255 [restartedMain] DEBUG o.s.s.a.m.DelegatingMethodSecurityMetadataSource - Caching method [CacheKey[com.lawfirm.controller.CaseController; public com.lawfirm.util.Result com.lawfirm.controller.CaseController.getStatusHistory(java.lang.Long)]] with attributes [[authorize: 'hasAuthority('CASE_VIEW')', filter: 'null', filterTarget: 'null']]
2026-04-18 00:10:27.255 [restartedMain] DEBUG o.s.s.a.p.PrePostAnnotationSecurityMetadataSource - @org.springframework.security.access.prepost.PreAuthorize(value="hasAuthority('CASE_EDIT')") found on specific method: public com.lawfirm.util.Result com.lawfirm.controller.CaseController.updateProcedure(java.lang.Long,java.lang.Long,com.lawfirm.dto.CaseProcedureDTO)
2026-04-18 00:10:27.255 [restartedMain] DEBUG o.s.s.a.m.DelegatingMethodSecurityMetadataSource - Caching method [CacheKey[com.lawfirm.controller.CaseController; public com.lawfirm.util.Result com.lawfirm.controller.CaseController.updateProcedure(java.lang.Long,java.lang.Long,com.lawfirm.dto.CaseProcedureDTO)]] with attributes [[authorize: 'hasAuthority('CASE_EDIT')', filter: 'null', filterTarget: 'null']]
2026-04-18 00:10:27.255 [restartedMain] DEBUG o.s.s.a.p.PrePostAnnotationSecurityMetadataSource - @org.springframework.security.access.prepost.PreAuthorize(value="hasAuthority('CASE_EDIT')") found on specific method: public com.lawfirm.util.Result com.lawfirm.controller.CaseController.deleteProcedure(java.lang.Long,java.lang.Long)
2026-04-18 00:10:27.255 [restartedMain] DEBUG o.s.s.a.m.DelegatingMethodSecurityMetadataSource - Caching method [CacheKey[com.lawfirm.controller.CaseController; public com.lawfirm.util.Result com.lawfirm.controller.CaseController.deleteProcedure(java.lang.Long,java.lang.Long)]] with attributes [[authorize: 'hasAuthority('CASE_EDIT')', filter: 'null', filterTarget: 'null']]
2026-04-18 00:10:27.255 [restartedMain] DEBUG o.s.s.a.p.PrePostAnnotationSecurityMetadataSource - @org.springframework.security.access.prepost.PreAuthorize(value="hasAuthority('CASE_VIEW')") found on specific method: public com.lawfirm.util.Result com.lawfirm.controller.CaseController.getRecords(java.lang.Long)
2026-04-18 00:10:27.255 [restartedMain] DEBUG o.s.s.a.m.DelegatingMethodSecurityMetadataSource - Caching method [CacheKey[com.lawfirm.controller.CaseController; public com.lawfirm.util.Result com.lawfirm.controller.CaseController.getRecords(java.lang.Long)]] with attributes [[authorize: 'hasAuthority('CASE_VIEW')', filter: 'null', filterTarget: 'null']]
2026-04-18 00:10:27.255 [restartedMain] DEBUG o.s.s.a.p.PrePostAnnotationSecurityMetadataSource - @org.springframework.security.access.prepost.PreAuthorize(value="hasAuthority('CASE_VIEW')") found on specific method: public com.lawfirm.util.Result com.lawfirm.controller.CaseController.getParties(java.lang.Long)
2026-04-18 00:10:27.255 [restartedMain] DEBUG o.s.s.a.m.DelegatingMethodSecurityMetadataSource - Caching method [CacheKey[com.lawfirm.controller.CaseController; public com.lawfirm.util.Result com.lawfirm.controller.CaseController.getParties(java.lang.Long)]] with attributes [[authorize: 'hasAuthority('CASE_VIEW')', filter: 'null', filterTarget: 'null']]
2026-04-18 00:10:27.255 [restartedMain] DEBUG o.s.s.a.p.PrePostAnnotationSecurityMetadataSource - @org.springframework.security.access.prepost.PreAuthorize(value="hasAuthority('CASE_EDIT')") found on specific method: public com.lawfirm.util.Result com.lawfirm.controller.CaseController.deleteRecord(java.lang.Long,java.lang.Long)
2026-04-18 00:10:27.255 [restartedMain] DEBUG o.s.s.a.m.DelegatingMethodSecurityMetadataSource - Caching method [CacheKey[com.lawfirm.controller.CaseController; public com.lawfirm.util.Result com.lawfirm.controller.CaseController.deleteRecord(java.lang.Long,java.lang.Long)]] with attributes [[authorize: 'hasAuthority('CASE_EDIT')', filter: 'null', filterTarget: 'null']]
2026-04-18 00:10:27.255 [restartedMain] DEBUG o.s.s.a.p.PrePostAnnotationSecurityMetadataSource - @org.springframework.security.access.prepost.PreAuthorize(value="hasAuthority('CASE_EDIT')") found on specific method: public com.lawfirm.util.Result com.lawfirm.controller.CaseController.updateRecord(java.lang.Long,java.lang.Long,com.lawfirm.dto.CaseRecordDTO)
2026-04-18 00:10:27.255 [restartedMain] DEBUG o.s.s.a.m.DelegatingMethodSecurityMetadataSource - Caching method [CacheKey[com.lawfirm.controller.CaseController; public com.lawfirm.util.Result com.lawfirm.controller.CaseController.updateRecord(java.lang.Long,java.lang.Long,com.lawfirm.dto.CaseRecordDTO)]] with attributes [[authorize: 'hasAuthority('CASE_EDIT')', filter: 'null', filterTarget: 'null']]
2026-04-18 00:10:27.255 [restartedMain] DEBUG o.s.s.a.p.PrePostAnnotationSecurityMetadataSource - @org.springframework.security.access.prepost.PreAuthorize(value="hasAuthority('CASE_ARCHIVE')") found on specific method: public com.lawfirm.util.Result com.lawfirm.controller.CaseController.archiveCase(java.lang.Long,com.lawfirm.controller.CaseController$ArchiveRequest)
2026-04-18 00:10:27.255 [restartedMain] DEBUG o.s.s.a.m.DelegatingMethodSecurityMetadataSource - Caching method [CacheKey[com.lawfirm.controller.CaseController; public com.lawfirm.util.Result com.lawfirm.controller.CaseController.archiveCase(java.lang.Long,com.lawfirm.controller.CaseController$ArchiveRequest)]] with attributes [[authorize: 'hasAuthority('CASE_ARCHIVE')', filter: 'null', filterTarget: 'null']]
2026-04-18 00:10:27.255 [restartedMain] DEBUG o.s.s.a.p.PrePostAnnotationSecurityMetadataSource - @org.springframework.security.access.prepost.PreAuthorize(value="hasAuthority('CASE_EDIT')") found on specific method: public com.lawfirm.util.Result com.lawfirm.controller.CaseController.addParty(java.lang.Long,com.lawfirm.dto.PartyDTO)
2026-04-18 00:10:27.255 [restartedMain] DEBUG o.s.s.a.m.DelegatingMethodSecurityMetadataSource - Caching method [CacheKey[com.lawfirm.controller.CaseController; public com.lawfirm.util.Result com.lawfirm.controller.CaseController.addParty(java.lang.Long,com.lawfirm.dto.PartyDTO)]] with attributes [[authorize: 'hasAuthority('CASE_EDIT')', filter: 'null', filterTarget: 'null']]
2026-04-18 00:10:27.331 [restartedMain] DEBUG o.s.s.a.p.PrePostAnnotationSecurityMetadataSource - @org.springframework.security.access.prepost.PreAuthorize(value="hasAnyRole('ADMIN', 'LAWYER')") found on specific method: public com.lawfirm.util.Result com.lawfirm.controller.DocGenerateController.generateDocument(com.lawfirm.dto.DocGenerateRequest)
2026-04-18 00:10:27.331 [restartedMain] DEBUG o.s.s.a.m.DelegatingMethodSecurityMetadataSource - Caching method [CacheKey[com.lawfirm.controller.DocGenerateController; public com.lawfirm.util.Result com.lawfirm.controller.DocGenerateController.generateDocument(com.lawfirm.dto.DocGenerateRequest)]] with attributes [[authorize: 'hasAnyRole('ADMIN', 'LAWYER')', filter: 'null', filterTarget: 'null']]
2026-04-18 00:10:27.383 [restartedMain] DEBUG o.s.s.a.p.PrePostAnnotationSecurityMetadataSource - @org.springframework.security.access.prepost.PreAuthorize(value="hasAnyRole('ADMIN', 'LAWYER', 'ASSISTANT')") found on specific method: public com.lawfirm.util.Result com.lawfirm.controller.OcrController.extract(com.lawfirm.dto.OcrExtractRequest)
2026-04-18 00:10:27.383 [restartedMain] DEBUG o.s.s.a.m.DelegatingMethodSecurityMetadataSource - Caching method [CacheKey[com.lawfirm.controller.OcrController; public com.lawfirm.util.Result com.lawfirm.controller.OcrController.extract(com.lawfirm.dto.OcrExtractRequest)]] with attributes [[authorize: 'hasAnyRole('ADMIN', 'LAWYER', 'ASSISTANT')', filter: 'null', filterTarget: 'null']]
2026-04-18 00:10:27.383 [restartedMain] DEBUG o.s.s.a.p.PrePostAnnotationSecurityMetadataSource - @org.springframework.security.access.prepost.PreAuthorize(value="hasAnyRole('ADMIN', 'LAWYER', 'ASSISTANT')") found on specific method: public com.lawfirm.util.Result com.lawfirm.controller.OcrController.ocrUpload(org.springframework.web.multipart.MultipartFile,java.lang.String)
2026-04-18 00:10:27.383 [restartedMain] DEBUG o.s.s.a.m.DelegatingMethodSecurityMetadataSource - Caching method [CacheKey[com.lawfirm.controller.OcrController; public com.lawfirm.util.Result com.lawfirm.controller.OcrController.ocrUpload(org.springframework.web.multipart.MultipartFile,java.lang.String)]] with attributes [[authorize: 'hasAnyRole('ADMIN', 'LAWYER', 'ASSISTANT')', filter: 'null', filterTarget: 'null']]
2026-04-18 00:10:27.383 [restartedMain] DEBUG o.s.s.a.p.PrePostAnnotationSecurityMetadataSource - @org.springframework.security.access.prepost.PreAuthorize(value="hasAnyRole('ADMIN', 'LAWYER', 'ASSISTANT')") found on specific method: public com.lawfirm.util.Result com.lawfirm.controller.OcrController.autoFill(org.springframework.web.multipart.MultipartFile,java.lang.Long,java.lang.String)
2026-04-18 00:10:27.383 [restartedMain] DEBUG o.s.s.a.m.DelegatingMethodSecurityMetadataSource - Caching method [CacheKey[com.lawfirm.controller.OcrController; public com.lawfirm.util.Result com.lawfirm.controller.OcrController.autoFill(org.springframework.web.multipart.MultipartFile,java.lang.Long,java.lang.String)]] with attributes [[authorize: 'hasAnyRole('ADMIN', 'LAWYER', 'ASSISTANT')', filter: 'null', filterTarget: 'null']]
2026-04-18 00:10:27.383 [restartedMain] DEBUG o.s.s.a.p.PrePostAnnotationSecurityMetadataSource - @org.springframework.security.access.prepost.PreAuthorize(value="hasAnyRole('ADMIN', 'LAWYER', 'ASSISTANT')") found on specific method: public com.lawfirm.util.Result com.lawfirm.controller.OcrController.determineDocumentPath(java.lang.String,java.lang.Long)
2026-04-18 00:10:27.383 [restartedMain] DEBUG o.s.s.a.m.DelegatingMethodSecurityMetadataSource - Caching method [CacheKey[com.lawfirm.controller.OcrController; public com.lawfirm.util.Result com.lawfirm.controller.OcrController.determineDocumentPath(java.lang.String,java.lang.Long)]] with attributes [[authorize: 'hasAnyRole('ADMIN', 'LAWYER', 'ASSISTANT')', filter: 'null', filterTarget: 'null']]
2026-04-18 00:10:27.568 [restartedMain] DEBUG o.s.s.w.a.e.ExpressionBasedFilterInvocationSecurityMetadataSource - Adding web access control expression [permitAll] for Ant [pattern='/api/auth/login']
2026-04-18 00:10:27.569 [restartedMain] DEBUG o.s.s.w.a.e.ExpressionBasedFilterInvocationSecurityMetadataSource - Adding web access control expression [permitAll] for Ant [pattern='/api/auth/register']
2026-04-18 00:10:27.569 [restartedMain] DEBUG o.s.s.w.a.e.ExpressionBasedFilterInvocationSecurityMetadataSource - Adding web access control expression [permitAll] for Ant [pattern='/api/auth/logout']
2026-04-18 00:10:27.569 [restartedMain] DEBUG o.s.s.w.a.e.ExpressionBasedFilterInvocationSecurityMetadataSource - Adding web access control expression [permitAll] for Ant [pattern='/error']
2026-04-18 00:10:27.569 [restartedMain] DEBUG o.s.s.w.a.e.ExpressionBasedFilterInvocationSecurityMetadataSource - Adding web access control expression [permitAll] for Ant [pattern='/init/**']
2026-04-18 00:10:27.569 [restartedMain] DEBUG o.s.s.w.a.e.ExpressionBasedFilterInvocationSecurityMetadataSource - Adding web access control expression [permitAll] for Ant [pattern='/h2-console/**']
2026-04-18 00:10:27.569 [restartedMain] DEBUG o.s.s.w.a.e.ExpressionBasedFilterInvocationSecurityMetadataSource - Adding web access control expression [permitAll] for Ant [pattern='/swagger-ui/**']
2026-04-18 00:10:27.569 [restartedMain] DEBUG o.s.s.w.a.e.ExpressionBasedFilterInvocationSecurityMetadataSource - Adding web access control expression [permitAll] for Ant [pattern='/v3/api-docs/**']
2026-04-18 00:10:27.569 [restartedMain] DEBUG o.s.s.w.a.e.ExpressionBasedFilterInvocationSecurityMetadataSource - Adding web access control expression [permitAll] for Ant [pattern='/swagger-resources/**']
2026-04-18 00:10:27.569 [restartedMain] DEBUG o.s.s.w.a.e.ExpressionBasedFilterInvocationSecurityMetadataSource - Adding web access control expression [permitAll] for Ant [pattern='/webjars/**']
2026-04-18 00:10:27.569 [restartedMain] DEBUG o.s.s.w.a.e.ExpressionBasedFilterInvocationSecurityMetadataSource - Adding web access control expression [authenticated] for any request
2026-04-18 00:10:27.571 [restartedMain] INFO  o.s.s.web.DefaultSecurityFilterChain - Will secure any request with [org.springframework.security.web.session.DisableEncodeUrlFilter@6bc48095, org.springframework.security.web.context.request.async.WebAsyncManagerIntegrationFilter@1eca70f8, org.springframework.security.web.context.SecurityContextPersistenceFilter@70bd2039, org.springframework.security.web.header.HeaderWriterFilter@16274828, org.springframework.web.filter.CorsFilter@7ede6913, org.springframework.security.web.authentication.logout.LogoutFilter@38f846a, com.lawfirm.security.JwtAuthenticationFilter@22ae93dd, org.springframework.security.web.savedrequest.RequestCacheAwareFilter@3bbf9088, org.springframework.security.web.servletapi.SecurityContextHolderAwareRequestFilter@3adf53be, org.springframework.security.web.authentication.AnonymousAuthenticationFilter@63808c95, org.springframework.security.web.session.SessionManagementFilter@55e47e3e, org.springframework.security.web.access.ExceptionTranslationFilter@489bca4a, org.springframework.security.web.access.intercept.FilterSecurityInterceptor@3cf63ea6]
2026-04-18 00:10:27.783 [restartedMain] WARN  o.s.b.d.a.OptionalLiveReloadServer - Unable to start LiveReload server
2026-04-18 00:10:27.793 [restartedMain] WARN  o.s.b.w.s.c.AnnotationConfigServletWebServerApplicationContext - Exception encountered during context initialization - cancelling refresh attempt: org.springframework.context.ApplicationContextException: Failed to start bean 'webServerStartStop'; nested exception is org.springframework.boot.web.server.PortInUseException: Port 8080 is already in use
2026-04-18 00:10:27.798 [restartedMain] INFO  o.s.o.j.LocalContainerEntityManagerFactoryBean - Closing JPA EntityManagerFactory for persistence unit 'default'
2026-04-18 00:10:27.798 [restartedMain] INFO  o.h.t.s.i.SchemaDropperImpl$DelayedDropActionImpl - HHH000477: Starting delayed evictData of schema as part of SessionFactory shut-down'
2026-04-18 00:10:27.800 [restartedMain] DEBUG org.hibernate.SQL - 
    
    drop table if exists "ai_config" CASCADE 
Hibernate: 
    
    drop table if exists "ai_config" CASCADE 
2026-04-18 00:10:27.800 [restartedMain] DEBUG org.hibernate.SQL - 
    
    drop table if exists "ai_log" CASCADE 
Hibernate: 
    
    drop table if exists "ai_log" CASCADE 
2026-04-18 00:10:27.801 [restartedMain] DEBUG org.hibernate.SQL - 
    
    drop table if exists "announcement" CASCADE 
Hibernate: 
    
    drop table if exists "announcement" CASCADE 
2026-04-18 00:10:27.801 [restartedMain] DEBUG org.hibernate.SQL - 
    
    drop table if exists "announcement_read" CASCADE 
Hibernate: 
    
    drop table if exists "announcement_read" CASCADE 
2026-04-18 00:10:27.801 [restartedMain] DEBUG org.hibernate.SQL - 
    
    drop table if exists "approval" CASCADE 
Hibernate: 
    
    drop table if exists "approval" CASCADE 
2026-04-18 00:10:27.801 [restartedMain] DEBUG org.hibernate.SQL - 
    
    drop table if exists "approval_flow" CASCADE 
Hibernate: 
    
    drop table if exists "approval_flow" CASCADE 
2026-04-18 00:10:27.801 [restartedMain] DEBUG org.hibernate.SQL - 
    
    drop table if exists "audit_log" CASCADE 
Hibernate: 
    
    drop table if exists "audit_log" CASCADE 
2026-04-18 00:10:27.802 [restartedMain] DEBUG org.hibernate.SQL - 
    
    drop table if exists "calendar" CASCADE 
Hibernate: 
    
    drop table if exists "calendar" CASCADE 
2026-04-18 00:10:27.802 [restartedMain] DEBUG org.hibernate.SQL - 
    
    drop table if exists "case" CASCADE 
Hibernate: 
    
    drop table if exists "case" CASCADE 
2026-04-18 00:10:27.802 [restartedMain] DEBUG org.hibernate.SQL - 
    
    drop table if exists "case_document" CASCADE 
Hibernate: 
    
    drop table if exists "case_document" CASCADE 
2026-04-18 00:10:27.802 [restartedMain] DEBUG org.hibernate.SQL - 
    
    drop table if exists "case_flow_template" CASCADE 
Hibernate: 
    
    drop table if exists "case_flow_template" CASCADE 
2026-04-18 00:10:27.802 [restartedMain] DEBUG org.hibernate.SQL - 
    
    drop table if exists "case_member" CASCADE 
Hibernate: 
    
    drop table if exists "case_member" CASCADE 
2026-04-18 00:10:27.803 [restartedMain] DEBUG org.hibernate.SQL - 
    
    drop table if exists "case_procedure" CASCADE 
Hibernate: 
    
    drop table if exists "case_procedure" CASCADE 
2026-04-18 00:10:27.803 [restartedMain] DEBUG org.hibernate.SQL - 
    
    drop table if exists "case_record" CASCADE 
Hibernate: 
    
    drop table if exists "case_record" CASCADE 
2026-04-18 00:10:27.803 [restartedMain] DEBUG org.hibernate.SQL - 
    
    drop table if exists "case_stage" CASCADE 
Hibernate: 
    
    drop table if exists "case_stage" CASCADE 
2026-04-18 00:10:27.803 [restartedMain] DEBUG org.hibernate.SQL - 
    
    drop table if exists "case_stage_todo_template" CASCADE 
Hibernate: 
    
    drop table if exists "case_stage_todo_template" CASCADE 
2026-04-18 00:10:27.803 [restartedMain] DEBUG org.hibernate.SQL - 
    
    drop table if exists "case_timeline" CASCADE 
Hibernate: 
    
    drop table if exists "case_timeline" CASCADE 
2026-04-18 00:10:27.803 [restartedMain] DEBUG org.hibernate.SQL - 
    
    drop table if exists "client" CASCADE 
Hibernate: 
    
    drop table if exists "client" CASCADE 
2026-04-18 00:10:27.803 [restartedMain] DEBUG org.hibernate.SQL - 
    
    drop table if exists "communication_record" CASCADE 
Hibernate: 
    
    drop table if exists "communication_record" CASCADE 
2026-04-18 00:10:27.804 [restartedMain] DEBUG org.hibernate.SQL - 
    
    drop table if exists "department" CASCADE 
Hibernate: 
    
    drop table if exists "department" CASCADE 
2026-04-18 00:10:27.804 [restartedMain] DEBUG org.hibernate.SQL - 
    
    drop table if exists "dictionary" CASCADE 
Hibernate: 
    
    drop table if exists "dictionary" CASCADE 
2026-04-18 00:10:27.804 [restartedMain] DEBUG org.hibernate.SQL - 
    
    drop table if exists "finance_record" CASCADE 
Hibernate: 
    
    drop table if exists "finance_record" CASCADE 
2026-04-18 00:10:27.804 [restartedMain] DEBUG org.hibernate.SQL - 
    
    drop table if exists "invoice" CASCADE 
Hibernate: 
    
    drop table if exists "invoice" CASCADE 
2026-04-18 00:10:27.804 [restartedMain] DEBUG org.hibernate.SQL - 
    
    drop table if exists "meeting_booking" CASCADE 
Hibernate: 
    
    drop table if exists "meeting_booking" CASCADE 
2026-04-18 00:10:27.804 [restartedMain] DEBUG org.hibernate.SQL - 
    
    drop table if exists "meeting_room" CASCADE 
Hibernate: 
    
    drop table if exists "meeting_room" CASCADE 
2026-04-18 00:10:27.804 [restartedMain] DEBUG org.hibernate.SQL - 
    
    drop table if exists "notification" CASCADE 
Hibernate: 
    
    drop table if exists "notification" CASCADE 
2026-04-18 00:10:27.804 [restartedMain] DEBUG org.hibernate.SQL - 
    
    drop table if exists "party" CASCADE 
Hibernate: 
    
    drop table if exists "party" CASCADE 
2026-04-18 00:10:27.805 [restartedMain] DEBUG org.hibernate.SQL - 
    
    drop table if exists "payment" CASCADE 
Hibernate: 
    
    drop table if exists "payment" CASCADE 
2026-04-18 00:10:27.805 [restartedMain] DEBUG org.hibernate.SQL - 
    
    drop table if exists "permission" CASCADE 
Hibernate: 
    
    drop table if exists "permission" CASCADE 
2026-04-18 00:10:27.805 [restartedMain] DEBUG org.hibernate.SQL - 
    
    drop table if exists "role" CASCADE 
Hibernate: 
    
    drop table if exists "role" CASCADE 
2026-04-18 00:10:27.805 [restartedMain] DEBUG org.hibernate.SQL - 
    
    drop table if exists "role_permission" CASCADE 
Hibernate: 
    
    drop table if exists "role_permission" CASCADE 
2026-04-18 00:10:27.805 [restartedMain] DEBUG org.hibernate.SQL - 
    
    drop table if exists "system_config" CASCADE 
Hibernate: 
    
    drop table if exists "system_config" CASCADE 
2026-04-18 00:10:27.805 [restartedMain] DEBUG org.hibernate.SQL - 
    
    drop table if exists "todo" CASCADE 
Hibernate: 
    
    drop table if exists "todo" CASCADE 
2026-04-18 00:10:27.805 [restartedMain] DEBUG org.hibernate.SQL - 
    
    drop table if exists "user" CASCADE 
Hibernate: 
    
    drop table if exists "user" CASCADE 
2026-04-18 00:10:27.805 [restartedMain] DEBUG org.hibernate.SQL - 
    
    drop table if exists "user_role" CASCADE 
Hibernate: 
    
    drop table if exists "user_role" CASCADE 
2026-04-18 00:10:28.022 [restartedMain] WARN  o.s.b.f.s.DisposableBeanAdapter - Invocation of destroy method failed on bean with name 'inMemoryDatabaseShutdownExecutor': org.h2.jdbc.JdbcSQLNonTransientConnectionException: Database is already closed (to disable automatic closing at VM shutdown, add ";DB_CLOSE_ON_EXIT=FALSE" to the db URL) [90121-214]
2026-04-18 00:10:28.022 [restartedMain] INFO  com.zaxxer.hikari.HikariDataSource - HikariPool-1 - Shutdown initiated...
2026-04-18 00:10:28.024 [restartedMain] INFO  com.zaxxer.hikari.HikariDataSource - HikariPool-1 - Shutdown completed.
2026-04-18 00:10:28.026 [restartedMain] INFO  o.a.catalina.core.StandardService - Stopping service [Tomcat]
2026-04-18 00:10:28.035 [restartedMain] INFO  o.s.b.a.l.ConditionEvaluationReportLoggingListener - 

Error starting ApplicationContext. To display the conditions report re-run your application with 'debug' enabled.
2026-04-18 00:10:28.049 [restartedMain] ERROR o.s.b.d.LoggingFailureAnalysisReporter - 

***************************
APPLICATION FAILED TO START
***************************

Description:

Web server failed to start. Port 8080 was already in use.

Action:

Identify and stop the process that's listening on port 8080 or configure this application to listen on another port.

[INFO] ------------------------------------------------------------------------
[INFO] BUILD SUCCESS
[INFO] ------------------------------------------------------------------------
[INFO] Total time:  4.142 s
[INFO] Finished at: 2026-04-18T00:10:28+08:00
[INFO] ------------------------------------------------------------------------
